<?xml version="1.0" encoding="UTF-8"?>
<testsuites name="Cucumber Test Suite" time="417.866" tests="1" failures="0" errors="0">
   <testsuite name="Cucumber Test Suite" tests="1" failures="0" errors="0" time="417.866" skipped="0" timestamp="25-03-2024T20:38:29" hostname="archi_000 - ANDRO-PC" id="Test Suites/Cucumber Test Suite">
      <properties>
         <property name="deviceName" value=""/>
         <property name="devicePlatform" value=""/>
         <property name="logFolder" value="C:\\Users\\archi_000\\Katalon Studio\\Challenge_Kelompok_1_Web_Platinum\\Reports\\20240325_203822\\Cucumber Test Suite\\20240325_203822"/>
         <property name="logFiles" value="C:\\Users\\archi_000\\Katalon Studio\\Challenge_Kelompok_1_Web_Platinum\\Reports\\20240325_203822\\Cucumber Test Suite\\20240325_203822\\execution0.log"/>
         <property name="attachments" value=""/>
         <property name="hostName" value="archi_000 - ANDRO-PC"/>
         <property name="os" value="Windows 10 64bit"/>
         <property name="katalonVersion" value="9.3.1.212"/>
         <property name="browser" value="Chrome 122.0.0.0"/>
         <property name="hostAddress" value="192.168.0.115"/>
         <property name="sessionId" value="893ca6ffbb68264eafd99a8520ab648c"/>
         <property name="seleniumVersion" value="3.141.59"/>
         <property name="proxyInformation" value="ProxyInformation { proxyOption=NO_PROXY, proxyServerType=HTTP, username=, password=********, proxyServerAddress=, proxyServerPort=0, executionList=&quot;&quot;, isApplyToDesiredCapabilities=true }"/>
         <property name="platform" value="Windows 10"/>
      </properties>
      <testcase name="Test Cases/Cucumber" time="417.739" classname="Test Cases/Cucumber" status="PASSED">
         <system-out><![CDATA[25-03-2024T20:38:29 - [TEST_CASE][PASSED] - Test Cases/Cucumber: Test Cases/Cucumber

25-03-2024T20:38:29 - [TEST_STEP][PASSED] - Start listener action : beforeTestCase: null

25-03-2024T20:38:29 - [TEST_STEP][PASSED] - addDefaultPackages(): null

25-03-2024T20:38:29 - [TEST_STEP][PASSED] - runWithCucumberRunner(Runner): Run with 'Runner' was passed

25-03-2024T20:38:30 - [MESSAGE][INFO] - Starting 'Chrome' driver

25-03-2024T20:38:30 - [MESSAGE][INFO] - Action delay is set to 0 milliseconds

25-03-2024T20:38:31 - [MESSAGE][PASSED] - Browser is opened with url: 'https://secondhand.binaracademy.org/users/sign_in'

25-03-2024T20:38:31 - [MESSAGE][PASSED] - Current window maximized

25-03-2024T20:38:32 - [MESSAGE][PASSED] - Text 'test@testing.com' is set on object 'Object Repository/Login Page/TextArea_email'

25-03-2024T20:38:33 - [MESSAGE][PASSED] - Text 'testing' is set on object 'Object Repository/Login Page/TextArea_password'

25-03-2024T20:38:33 - [MESSAGE][PASSED] - Object: 'Object Repository/Login Page/btn_loginCommit' is clicked on

25-03-2024T20:38:33 - [MESSAGE][WARNING] - Timeout '0' is invalid. Using default page load timeout: '30'

25-03-2024T20:38:34 - [MESSAGE][PASSED] - Object 'Object Repository/Homepage/btn_jual' is present

25-03-2024T20:38:34 - [MESSAGE][WARNING] - Timeout '0' is invalid. Using default page load timeout: '30'

25-03-2024T20:38:34 - [MESSAGE][PASSED] - Object 'Object Repository/Homepage/btn_profile' is present

25-03-2024T20:38:34 - [MESSAGE][WARNING] - Timeout '0' is invalid. Using default page load timeout: '30'

25-03-2024T20:38:34 - [MESSAGE][PASSED] - Object 'Object Repository/Homepage/btn_jual' is present

25-03-2024T20:38:34 - [MESSAGE][WARNING] - Timeout '0' is invalid. Using default page load timeout: '30'

25-03-2024T20:38:35 - [MESSAGE][PASSED] - Object 'Object Repository/Homepage/btn_profile' is present

25-03-2024T20:38:35 - [MESSAGE][PASSED] - Object: 'Object Repository/Homepage/btn_profile' is clicked on

25-03-2024T20:38:35 - [MESSAGE][PASSED] - Object: 'Object Repository/Homepage/btn_accountInfo' is clicked on

25-03-2024T20:38:35 - [MESSAGE][WARNING] - Timeout '0' is invalid. Using default page load timeout: '30'

25-03-2024T20:38:36 - [MESSAGE][PASSED] - Object 'Object Repository/Account Info Page/text_accountInfo' is present

25-03-2024T20:38:36 - [MESSAGE][WARNING] - Timeout '0' is invalid. Using default page load timeout: '30'

25-03-2024T20:38:36 - [MESSAGE][PASSED] - Object 'Object Repository/Account Info Page/text_accountInfo' is present

25-03-2024T20:38:36 - [MESSAGE][WARNING] - Timeout '0' is invalid. Using default page load timeout: '30'

25-03-2024T20:38:36 - [MESSAGE][PASSED] - Object 'Object Repository/Account Info Page/TextArea_nama' is present

25-03-2024T20:38:36 - [MESSAGE][WARNING] - Timeout '0' is invalid. Using default page load timeout: '30'

25-03-2024T20:38:37 - [MESSAGE][PASSED] - Object 'Object Repository/Account Info Page/TextArea_nama' is present

25-03-2024T20:38:37 - [MESSAGE][PASSED] - File 'C:/Users/archi_000/Katalon Studio/Challenge_Kelompok_1_Web_Platinum/Asset/milkcat.PNG' sent to object: 'Object Repository/Account Info Page/btn_profilePicture'

25-03-2024T20:38:38 - [MESSAGE][PASSED] - Text 'edit automate nama' is set on object 'Object Repository/Account Info Page/TextArea_nama'

25-03-2024T20:38:38 - [MESSAGE][PASSED] - All options with index in [2] are selected on object 'Object Repository/Account Info Page/dropdown_kota'

25-03-2024T20:38:39 - [MESSAGE][PASSED] - Text 'edit automate alamat' is set on object 'Object Repository/Account Info Page/TextArea_alamat'

25-03-2024T20:38:39 - [MESSAGE][PASSED] - Text '081234567890' is set on object 'Object Repository/Account Info Page/TextArea_noHP'

25-03-2024T20:38:40 - [MESSAGE][PASSED] - Object: 'Object Repository/Account Info Page/btn_submit' is clicked on

25-03-2024T20:38:40 - [MESSAGE][WARNING] - Timeout '0' is invalid. Using default page load timeout: '30'

25-03-2024T20:38:42 - [MESSAGE][PASSED] - Object 'Object Repository/Homepage/btn_jual' is present

25-03-2024T20:38:42 - [MESSAGE][WARNING] - Timeout '0' is invalid. Using default page load timeout: '30'

25-03-2024T20:38:42 - [MESSAGE][PASSED] - Object 'Object Repository/Homepage/btn_jual' is present

25-03-2024T20:38:42 - [MESSAGE][WARNING] - Timeout '0' is invalid. Using default page load timeout: '30'

25-03-2024T20:38:42 - [MESSAGE][PASSED] - Object 'Object Repository/Homepage/TextArea_search' is present

25-03-2024T20:38:42 - [MESSAGE][WARNING] - Timeout '0' is invalid. Using default page load timeout: '30'

25-03-2024T20:38:43 - [MESSAGE][PASSED] - Object 'Object Repository/Homepage/TextArea_search' is present

25-03-2024T20:38:43 - [MESSAGE][PASSED] - Browser is closed

25-03-2024T20:38:43 - [MESSAGE][INFO] - Starting 'Chrome' driver

25-03-2024T20:38:43 - [MESSAGE][INFO] - Action delay is set to 0 milliseconds

25-03-2024T20:38:44 - [MESSAGE][PASSED] - Browser is opened with url: 'https://secondhand.binaracademy.org/users/sign_in'

25-03-2024T20:38:44 - [MESSAGE][PASSED] - Current window maximized

25-03-2024T20:38:44 - [MESSAGE][PASSED] - Text 'test@testing.com' is set on object 'Object Repository/Login Page/TextArea_email'

25-03-2024T20:38:45 - [MESSAGE][PASSED] - Text 'testing' is set on object 'Object Repository/Login Page/TextArea_password'

25-03-2024T20:38:45 - [MESSAGE][PASSED] - Object: 'Object Repository/Login Page/btn_loginCommit' is clicked on

25-03-2024T20:38:45 - [MESSAGE][WARNING] - Timeout '0' is invalid. Using default page load timeout: '30'

25-03-2024T20:38:46 - [MESSAGE][PASSED] - Object 'Object Repository/Homepage/btn_jual' is present

25-03-2024T20:38:46 - [MESSAGE][WARNING] - Timeout '0' is invalid. Using default page load timeout: '30'

25-03-2024T20:38:46 - [MESSAGE][PASSED] - Object 'Object Repository/Homepage/btn_profile' is present

25-03-2024T20:38:46 - [MESSAGE][WARNING] - Timeout '0' is invalid. Using default page load timeout: '30'

25-03-2024T20:38:47 - [MESSAGE][PASSED] - Object 'Object Repository/Homepage/btn_jual' is present

25-03-2024T20:38:47 - [MESSAGE][WARNING] - Timeout '0' is invalid. Using default page load timeout: '30'

25-03-2024T20:38:47 - [MESSAGE][PASSED] - Object 'Object Repository/Homepage/btn_profile' is present

25-03-2024T20:38:47 - [MESSAGE][PASSED] - Object: 'Object Repository/Homepage/btn_daftarJual' is clicked on

25-03-2024T20:38:48 - [MESSAGE][PASSED] - Object: 'Object Repository/Daftar Jual Page/btn_edit' is clicked on

25-03-2024T20:38:48 - [MESSAGE][WARNING] - Timeout '0' is invalid. Using default page load timeout: '30'

25-03-2024T20:38:48 - [MESSAGE][PASSED] - Object 'Object Repository/Account Info Page/text_accountInfo' is present

25-03-2024T20:38:48 - [MESSAGE][WARNING] - Timeout '0' is invalid. Using default page load timeout: '30'

25-03-2024T20:38:49 - [MESSAGE][PASSED] - Object 'Object Repository/Account Info Page/text_accountInfo' is present

25-03-2024T20:38:49 - [MESSAGE][WARNING] - Timeout '0' is invalid. Using default page load timeout: '30'

25-03-2024T20:38:49 - [MESSAGE][PASSED] - Object 'Object Repository/Account Info Page/TextArea_nama' is present

25-03-2024T20:38:49 - [MESSAGE][WARNING] - Timeout '0' is invalid. Using default page load timeout: '30'

25-03-2024T20:38:49 - [MESSAGE][PASSED] - Object 'Object Repository/Account Info Page/TextArea_nama' is present

25-03-2024T20:38:49 - [MESSAGE][PASSED] - File 'C:/Users/archi_000/Katalon Studio/Challenge_Kelompok_1_Web_Platinum/Asset/milkcat.PNG' sent to object: 'Object Repository/Account Info Page/btn_profilePicture'

25-03-2024T20:38:50 - [MESSAGE][PASSED] - Text 'edit automate nama' is set on object 'Object Repository/Account Info Page/TextArea_nama'

25-03-2024T20:38:51 - [MESSAGE][PASSED] - All options with index in [2] are selected on object 'Object Repository/Account Info Page/dropdown_kota'

25-03-2024T20:38:51 - [MESSAGE][PASSED] - Text 'edit automate alamat' is set on object 'Object Repository/Account Info Page/TextArea_alamat'

25-03-2024T20:38:52 - [MESSAGE][PASSED] - Text '081234567890' is set on object 'Object Repository/Account Info Page/TextArea_noHP'

25-03-2024T20:38:52 - [MESSAGE][PASSED] - Object: 'Object Repository/Account Info Page/btn_submit' is clicked on

25-03-2024T20:38:52 - [MESSAGE][WARNING] - Timeout '0' is invalid. Using default page load timeout: '30'

25-03-2024T20:38:54 - [MESSAGE][PASSED] - Object 'Object Repository/Homepage/btn_jual' is present

25-03-2024T20:38:54 - [MESSAGE][WARNING] - Timeout '0' is invalid. Using default page load timeout: '30'

25-03-2024T20:38:55 - [MESSAGE][PASSED] - Object 'Object Repository/Homepage/btn_jual' is present

25-03-2024T20:38:55 - [MESSAGE][WARNING] - Timeout '0' is invalid. Using default page load timeout: '30'

25-03-2024T20:38:55 - [MESSAGE][PASSED] - Object 'Object Repository/Homepage/TextArea_search' is present

25-03-2024T20:38:55 - [MESSAGE][WARNING] - Timeout '0' is invalid. Using default page load timeout: '30'

25-03-2024T20:38:55 - [MESSAGE][PASSED] - Object 'Object Repository/Homepage/TextArea_search' is present

25-03-2024T20:38:55 - [MESSAGE][PASSED] - Browser is closed

25-03-2024T20:38:55 - [MESSAGE][INFO] - Starting 'Chrome' driver

25-03-2024T20:38:55 - [MESSAGE][INFO] - Action delay is set to 0 milliseconds

25-03-2024T20:38:56 - [MESSAGE][PASSED] - Browser is opened with url: 'https://secondhand.binaracademy.org/users/sign_up'

25-03-2024T20:38:56 - [MESSAGE][PASSED] - Current window maximized

25-03-2024T20:38:57 - [MESSAGE][PASSED] - Text 'Shella Test17' is set on object 'Object Repository/Register page/TextBox_name'

25-03-2024T20:38:57 - [MESSAGE][PASSED] - Text 'shellatest17@gmail.com' is set on object 'Object Repository/Register page/TextBox_email'

25-03-2024T20:38:58 - [MESSAGE][PASSED] - Text 'testing' is set on object 'Object Repository/Register page/TextBox_password'

25-03-2024T20:38:58 - [MESSAGE][PASSED] - Object: 'Object Repository/Register page/btn_daftar' is clicked on

25-03-2024T20:38:59 - [MESSAGE][PASSED] - Object: 'Object Repository/Homepage/btn_jual' is clicked on

25-03-2024T20:38:59 - [MESSAGE][WARNING] - Timeout '0' is invalid. Using default page load timeout: '30'

25-03-2024T20:39:00 - [MESSAGE][PASSED] - Object 'Object Repository/Account Info Page/text_accountInfo' is present

25-03-2024T20:39:00 - [MESSAGE][WARNING] - Timeout '0' is invalid. Using default page load timeout: '30'

25-03-2024T20:39:00 - [MESSAGE][PASSED] - Object 'Object Repository/Account Info Page/text_accountInfo' is present

25-03-2024T20:39:00 - [MESSAGE][WARNING] - Timeout '0' is invalid. Using default page load timeout: '30'

25-03-2024T20:39:00 - [MESSAGE][PASSED] - Object 'Object Repository/Account Info Page/TextArea_nama' is present

25-03-2024T20:39:00 - [MESSAGE][WARNING] - Timeout '0' is invalid. Using default page load timeout: '30'

25-03-2024T20:39:00 - [MESSAGE][PASSED] - Object 'Object Repository/Account Info Page/TextArea_nama' is present

25-03-2024T20:39:01 - [MESSAGE][PASSED] - File 'C:/Users/archi_000/Katalon Studio/Challenge_Kelompok_1_Web_Platinum/Asset/milkcat.PNG' sent to object: 'Object Repository/Account Info Page/btn_profilePicture'

25-03-2024T20:39:02 - [MESSAGE][PASSED] - Text 'edit automate nama' is set on object 'Object Repository/Account Info Page/TextArea_nama'

25-03-2024T20:39:02 - [MESSAGE][PASSED] - All options with index in [2] are selected on object 'Object Repository/Account Info Page/dropdown_kota'

25-03-2024T20:39:03 - [MESSAGE][PASSED] - Text 'edit automate alamat' is set on object 'Object Repository/Account Info Page/TextArea_alamat'

25-03-2024T20:39:03 - [MESSAGE][PASSED] - Text '081234567890' is set on object 'Object Repository/Account Info Page/TextArea_noHP'

25-03-2024T20:39:04 - [MESSAGE][PASSED] - Object: 'Object Repository/Account Info Page/btn_submit' is clicked on

25-03-2024T20:39:04 - [MESSAGE][WARNING] - Timeout '0' is invalid. Using default page load timeout: '30'

25-03-2024T20:39:05 - [MESSAGE][PASSED] - Object 'Object Repository/Post product page/img_formImage' is present

25-03-2024T20:39:05 - [MESSAGE][WARNING] - Timeout '0' is invalid. Using default page load timeout: '30'

25-03-2024T20:39:06 - [MESSAGE][PASSED] - Object 'Object Repository/Post product page/img_formImage' is present

25-03-2024T20:39:06 - [MESSAGE][WARNING] - Timeout '0' is invalid. Using default page load timeout: '30'

25-03-2024T20:39:06 - [MESSAGE][PASSED] - Object 'Object Repository/Post product page/TextBox_namaProduk' is present

25-03-2024T20:39:06 - [MESSAGE][WARNING] - Timeout '0' is invalid. Using default page load timeout: '30'

25-03-2024T20:39:06 - [MESSAGE][PASSED] - Object 'Object Repository/Post product page/TextBox_namaProduk' is present

25-03-2024T20:39:06 - [MESSAGE][PASSED] - Browser is closed

25-03-2024T20:39:06 - [MESSAGE][INFO] - Starting 'Chrome' driver

25-03-2024T20:39:06 - [MESSAGE][INFO] - Action delay is set to 0 milliseconds

25-03-2024T20:39:07 - [MESSAGE][PASSED] - Browser is opened with url: 'https://secondhand.binaracademy.org/users/sign_in'

25-03-2024T20:39:08 - [MESSAGE][PASSED] - Current window maximized

25-03-2024T20:39:08 - [MESSAGE][PASSED] - Text 'test@testing.com' is set on object 'Object Repository/Login Page/TextArea_email'

25-03-2024T20:39:09 - [MESSAGE][PASSED] - Text 'testing' is set on object 'Object Repository/Login Page/TextArea_password'

25-03-2024T20:39:09 - [MESSAGE][PASSED] - Object: 'Object Repository/Login Page/btn_loginCommit' is clicked on

25-03-2024T20:39:09 - [MESSAGE][WARNING] - Timeout '0' is invalid. Using default page load timeout: '30'

25-03-2024T20:39:10 - [MESSAGE][PASSED] - Object 'Object Repository/Homepage/btn_jual' is present

25-03-2024T20:39:10 - [MESSAGE][WARNING] - Timeout '0' is invalid. Using default page load timeout: '30'

25-03-2024T20:39:10 - [MESSAGE][PASSED] - Object 'Object Repository/Homepage/btn_profile' is present

25-03-2024T20:39:10 - [MESSAGE][WARNING] - Timeout '0' is invalid. Using default page load timeout: '30'

25-03-2024T20:39:10 - [MESSAGE][PASSED] - Object 'Object Repository/Homepage/btn_jual' is present

25-03-2024T20:39:10 - [MESSAGE][WARNING] - Timeout '0' is invalid. Using default page load timeout: '30'

25-03-2024T20:39:11 - [MESSAGE][PASSED] - Object 'Object Repository/Homepage/btn_profile' is present

25-03-2024T20:39:11 - [MESSAGE][PASSED] - Object: 'Object Repository/Homepage/btn_profile' is clicked on

25-03-2024T20:39:11 - [MESSAGE][PASSED] - Object: 'Object Repository/Homepage/btn_accountInfo' is clicked on

25-03-2024T20:39:11 - [MESSAGE][WARNING] - Timeout '0' is invalid. Using default page load timeout: '30'

25-03-2024T20:39:12 - [MESSAGE][PASSED] - Object 'Object Repository/Account Info Page/text_accountInfo' is present

25-03-2024T20:39:12 - [MESSAGE][WARNING] - Timeout '0' is invalid. Using default page load timeout: '30'

25-03-2024T20:39:12 - [MESSAGE][PASSED] - Object 'Object Repository/Account Info Page/text_accountInfo' is present

25-03-2024T20:39:12 - [MESSAGE][WARNING] - Timeout '0' is invalid. Using default page load timeout: '30'

25-03-2024T20:39:12 - [MESSAGE][PASSED] - Object 'Object Repository/Account Info Page/TextArea_nama' is present

25-03-2024T20:39:12 - [MESSAGE][WARNING] - Timeout '0' is invalid. Using default page load timeout: '30'

25-03-2024T20:39:13 - [MESSAGE][PASSED] - Object 'Object Repository/Account Info Page/TextArea_nama' is present

25-03-2024T20:39:13 - [MESSAGE][PASSED] - Text '' is set on object 'Object Repository/Account Info Page/TextArea_nama'

25-03-2024T20:39:14 - [MESSAGE][PASSED] - All options with index in [2] are selected on object 'Object Repository/Account Info Page/dropdown_kota'

25-03-2024T20:39:14 - [MESSAGE][PASSED] - Text '' is set on object 'Object Repository/Account Info Page/TextArea_alamat'

25-03-2024T20:39:15 - [MESSAGE][PASSED] - Text '' is set on object 'Object Repository/Account Info Page/TextArea_noHP'

25-03-2024T20:39:15 - [MESSAGE][PASSED] - Object: 'Object Repository/Account Info Page/btn_submit' is clicked on

25-03-2024T20:39:15 - [MESSAGE][WARNING] - Timeout '0' is invalid. Using default page load timeout: '30'

25-03-2024T20:39:15 - [MESSAGE][PASSED] - Object 'Object Repository/Account Info Page/text_accountInfo' is present

25-03-2024T20:39:15 - [MESSAGE][WARNING] - Timeout '0' is invalid. Using default page load timeout: '30'

25-03-2024T20:39:16 - [MESSAGE][PASSED] - Object 'Object Repository/Account Info Page/text_accountInfo' is present

25-03-2024T20:39:16 - [MESSAGE][WARNING] - Timeout '0' is invalid. Using default page load timeout: '30'

25-03-2024T20:39:16 - [MESSAGE][PASSED] - Object 'Object Repository/Account Info Page/TextArea_nama' is present

25-03-2024T20:39:16 - [MESSAGE][WARNING] - Timeout '0' is invalid. Using default page load timeout: '30'

25-03-2024T20:39:16 - [MESSAGE][PASSED] - Object 'Object Repository/Account Info Page/TextArea_nama' is present

25-03-2024T20:39:16 - [MESSAGE][PASSED] - Browser is closed

25-03-2024T20:39:16 - [MESSAGE][INFO] - Starting 'Chrome' driver

25-03-2024T20:39:16 - [MESSAGE][INFO] - Action delay is set to 0 milliseconds

25-03-2024T20:39:17 - [MESSAGE][PASSED] - Browser is opened with url: 'https://secondhand.binaracademy.org/users/sign_up'

25-03-2024T20:39:17 - [MESSAGE][PASSED] - Current window maximized

25-03-2024T20:39:17 - [MESSAGE][WARNING] - Timeout '0' is invalid. Using default page load timeout: '30'

25-03-2024T20:39:18 - [MESSAGE][PASSED] - Object 'Object Repository/Register page/TextBox_name' is present

25-03-2024T20:39:18 - [MESSAGE][WARNING] - Timeout '0' is invalid. Using default page load timeout: '30'

25-03-2024T20:39:18 - [MESSAGE][PASSED] - Object 'Object Repository/Register page/TextBox_email' is present

25-03-2024T20:39:18 - [MESSAGE][WARNING] - Timeout '0' is invalid. Using default page load timeout: '30'

25-03-2024T20:39:18 - [MESSAGE][PASSED] - Object 'Object Repository/Register page/TextBox_password' is present

25-03-2024T20:39:19 - [MESSAGE][PASSED] - Text 'Testing1234' is set on object 'Object Repository/Register page/TextBox_name'

25-03-2024T20:39:19 - [MESSAGE][PASSED] - Text 'kirana44@gmail.com' is set on object 'Object Repository/Register page/TextBox_email'

25-03-2024T20:39:20 - [MESSAGE][PASSED] - Text 'Testing123' is set on object 'Object Repository/Register page/TextBox_password'

25-03-2024T20:39:20 - [MESSAGE][PASSED] - Object: 'Object Repository/Register page/btn_daftar' is clicked on

25-03-2024T20:39:20 - [MESSAGE][WARNING] - Timeout '0' is invalid. Using default page load timeout: '30'

25-03-2024T20:39:21 - [MESSAGE][PASSED] - Object 'Object Repository/Homepage/btn_jual' is present

25-03-2024T20:39:21 - [MESSAGE][WARNING] - Timeout '0' is invalid. Using default page load timeout: '30'

25-03-2024T20:39:21 - [MESSAGE][PASSED] - Object 'Object Repository/Notification page/btn_notification' is present

25-03-2024T20:39:21 - [MESSAGE][WARNING] - Timeout '0' is invalid. Using default page load timeout: '30'

25-03-2024T20:39:21 - [MESSAGE][PASSED] - Object 'Object Repository/Homepage/btn_jual' is present

25-03-2024T20:39:21 - [MESSAGE][WARNING] - Timeout '0' is invalid. Using default page load timeout: '30'

25-03-2024T20:39:22 - [MESSAGE][PASSED] - Object 'Object Repository/Notification page/btn_notification' is present

25-03-2024T20:39:22 - [MESSAGE][WARNING] - A browser is already opened. Closing browser and opening a new one

25-03-2024T20:39:22 - [MESSAGE][INFO] - Starting 'Chrome' driver

25-03-2024T20:39:22 - [MESSAGE][INFO] - Action delay is set to 0 milliseconds

25-03-2024T20:39:25 - [MESSAGE][PASSED] - Browser is opened with url: 'https://secondhand.binaracademy.org/users/sign_up'

25-03-2024T20:39:25 - [MESSAGE][PASSED] - Current window maximized

25-03-2024T20:39:25 - [MESSAGE][WARNING] - Timeout '0' is invalid. Using default page load timeout: '30'

25-03-2024T20:39:25 - [MESSAGE][PASSED] - Object 'Object Repository/Register page/TextBox_name' is present

25-03-2024T20:39:25 - [MESSAGE][WARNING] - Timeout '0' is invalid. Using default page load timeout: '30'

25-03-2024T20:39:25 - [MESSAGE][PASSED] - Object 'Object Repository/Register page/TextBox_email' is present

25-03-2024T20:39:25 - [MESSAGE][WARNING] - Timeout '0' is invalid. Using default page load timeout: '30'

25-03-2024T20:39:26 - [MESSAGE][PASSED] - Object 'Object Repository/Register page/TextBox_password' is present

25-03-2024T20:39:26 - [MESSAGE][PASSED] - Text 'kirana505@gmail.com' is set on object 'Object Repository/Register page/TextBox_email'

25-03-2024T20:39:27 - [MESSAGE][PASSED] - Text 'Testing123' is set on object 'Object Repository/Register page/TextBox_password'

25-03-2024T20:39:27 - [MESSAGE][PASSED] - Object: 'Object Repository/Register page/btn_daftar' is clicked on

25-03-2024T20:39:27 - [MESSAGE][PASSED] - Attribute 'validationMessage' of object 'Object Repository/Register page/TextBox_name' is: 'Please fill out this field.'

25-03-2024T20:39:27 - [MESSAGE][PASSED] - Browser is closed

25-03-2024T20:39:27 - [MESSAGE][INFO] - Starting 'Chrome' driver

25-03-2024T20:39:27 - [MESSAGE][INFO] - Action delay is set to 0 milliseconds

25-03-2024T20:39:28 - [MESSAGE][PASSED] - Browser is opened with url: 'https://secondhand.binaracademy.org/users/sign_up'

25-03-2024T20:39:29 - [MESSAGE][PASSED] - Current window maximized

25-03-2024T20:39:29 - [MESSAGE][WARNING] - Timeout '0' is invalid. Using default page load timeout: '30'

25-03-2024T20:39:29 - [MESSAGE][PASSED] - Object 'Object Repository/Register page/TextBox_name' is present

25-03-2024T20:39:29 - [MESSAGE][WARNING] - Timeout '0' is invalid. Using default page load timeout: '30'

25-03-2024T20:39:29 - [MESSAGE][PASSED] - Object 'Object Repository/Register page/TextBox_email' is present

25-03-2024T20:39:29 - [MESSAGE][WARNING] - Timeout '0' is invalid. Using default page load timeout: '30'

25-03-2024T20:39:29 - [MESSAGE][PASSED] - Object 'Object Repository/Register page/TextBox_password' is present

25-03-2024T20:39:30 - [MESSAGE][PASSED] - Text 'Testing1234' is set on object 'Object Repository/Register page/TextBox_name'

25-03-2024T20:39:30 - [MESSAGE][PASSED] - Text 'Testing123' is set on object 'Object Repository/Register page/TextBox_password'

25-03-2024T20:39:31 - [MESSAGE][PASSED] - Object: 'Object Repository/Register page/btn_daftar' is clicked on

25-03-2024T20:39:31 - [MESSAGE][PASSED] - Attribute 'validationMessage' of object 'Object Repository/Register page/TextBox_email' is: 'Please fill out this field.'

25-03-2024T20:39:31 - [MESSAGE][PASSED] - Browser is closed

25-03-2024T20:39:31 - [MESSAGE][INFO] - Starting 'Chrome' driver

25-03-2024T20:39:31 - [MESSAGE][INFO] - Action delay is set to 0 milliseconds

25-03-2024T20:39:32 - [MESSAGE][PASSED] - Browser is opened with url: 'https://secondhand.binaracademy.org/users/sign_in'

25-03-2024T20:39:32 - [MESSAGE][PASSED] - Current window maximized

25-03-2024T20:39:32 - [MESSAGE][WARNING] - Timeout '0' is invalid. Using default page load timeout: '30'

25-03-2024T20:39:32 - [MESSAGE][PASSED] - Object 'Object Repository/Login Page/TextArea_email' is present

25-03-2024T20:39:32 - [MESSAGE][WARNING] - Timeout '0' is invalid. Using default page load timeout: '30'

25-03-2024T20:39:33 - [MESSAGE][PASSED] - Object 'Object Repository/Login Page/TextArea_password' is present

25-03-2024T20:39:33 - [MESSAGE][PASSED] - Text 'sandra100@gmail.com' is set on object 'Object Repository/Login Page/TextArea_email'

25-03-2024T20:39:34 - [MESSAGE][PASSED] - Text 'sandra100' is set on object 'Object Repository/Login Page/TextArea_password'

25-03-2024T20:39:34 - [MESSAGE][PASSED] - Object: 'Object Repository/Login Page/btn_loginCommit' is clicked on

25-03-2024T20:39:34 - [MESSAGE][WARNING] - Timeout '0' is invalid. Using default page load timeout: '30'

25-03-2024T20:39:35 - [MESSAGE][PASSED] - Object 'Object Repository/Homepage/btn_jual' is present

25-03-2024T20:39:35 - [MESSAGE][WARNING] - Timeout '0' is invalid. Using default page load timeout: '30'

25-03-2024T20:39:35 - [MESSAGE][PASSED] - Object 'Object Repository/Homepage/btn_profile' is present

25-03-2024T20:39:35 - [MESSAGE][WARNING] - Timeout '0' is invalid. Using default page load timeout: '30'

25-03-2024T20:39:35 - [MESSAGE][PASSED] - Object 'Object Repository/Homepage/btn_jual' is present

25-03-2024T20:39:35 - [MESSAGE][WARNING] - Timeout '0' is invalid. Using default page load timeout: '30'

25-03-2024T20:39:36 - [MESSAGE][PASSED] - Object 'Object Repository/Homepage/btn_profile' is present

25-03-2024T20:39:36 - [MESSAGE][WARNING] - A browser is already opened. Closing browser and opening a new one

25-03-2024T20:39:36 - [MESSAGE][INFO] - Starting 'Chrome' driver

25-03-2024T20:39:36 - [MESSAGE][INFO] - Action delay is set to 0 milliseconds

25-03-2024T20:39:37 - [MESSAGE][PASSED] - Browser is opened with url: 'https://secondhand.binaracademy.org/users/sign_in'

25-03-2024T20:39:37 - [MESSAGE][PASSED] - Current window maximized

25-03-2024T20:39:37 - [MESSAGE][WARNING] - Timeout '0' is invalid. Using default page load timeout: '30'

25-03-2024T20:39:37 - [MESSAGE][PASSED] - Object 'Object Repository/Login Page/TextArea_email' is present

25-03-2024T20:39:37 - [MESSAGE][WARNING] - Timeout '0' is invalid. Using default page load timeout: '30'

25-03-2024T20:39:37 - [MESSAGE][PASSED] - Object 'Object Repository/Login Page/TextArea_password' is present

25-03-2024T20:39:38 - [MESSAGE][PASSED] - Text 'sandra@gmail.com' is set on object 'Object Repository/Login Page/TextArea_email'

25-03-2024T20:39:38 - [MESSAGE][PASSED] - Text 'sandra100' is set on object 'Object Repository/Login Page/TextArea_password'

25-03-2024T20:39:39 - [MESSAGE][PASSED] - Object: 'Object Repository/Login Page/btn_loginCommit' is clicked on

25-03-2024T20:39:39 - [MESSAGE][WARNING] - Timeout '0' is invalid. Using default page load timeout: '30'

25-03-2024T20:39:39 - [MESSAGE][PASSED] - Object 'Object Repository/Login Page/alert_invalid' is present

25-03-2024T20:39:39 - [MESSAGE][WARNING] - A browser is already opened. Closing browser and opening a new one

25-03-2024T20:39:39 - [MESSAGE][INFO] - Starting 'Chrome' driver

25-03-2024T20:39:39 - [MESSAGE][INFO] - Action delay is set to 0 milliseconds

25-03-2024T20:39:40 - [MESSAGE][PASSED] - Browser is opened with url: 'https://secondhand.binaracademy.org/users/sign_in'

25-03-2024T20:39:40 - [MESSAGE][PASSED] - Current window maximized

25-03-2024T20:39:41 - [MESSAGE][PASSED] - Text 'test@testing.com' is set on object 'Object Repository/Login Page/TextArea_email'

25-03-2024T20:39:41 - [MESSAGE][PASSED] - Text 'testing' is set on object 'Object Repository/Login Page/TextArea_password'

25-03-2024T20:39:42 - [MESSAGE][PASSED] - Object: 'Object Repository/Login Page/btn_loginCommit' is clicked on

25-03-2024T20:39:42 - [MESSAGE][WARNING] - Timeout '0' is invalid. Using default page load timeout: '30'

25-03-2024T20:39:43 - [MESSAGE][PASSED] - Object 'Object Repository/Homepage/btn_jual' is present

25-03-2024T20:39:43 - [MESSAGE][WARNING] - Timeout '0' is invalid. Using default page load timeout: '30'

25-03-2024T20:39:43 - [MESSAGE][PASSED] - Object 'Object Repository/Homepage/btn_jual' is present

25-03-2024T20:39:43 - [MESSAGE][WARNING] - Timeout '0' is invalid. Using default page load timeout: '30'

25-03-2024T20:39:43 - [MESSAGE][PASSED] - Object 'Object Repository/Homepage/btn_account' is present

25-03-2024T20:39:43 - [MESSAGE][WARNING] - Timeout '0' is invalid. Using default page load timeout: '30'

25-03-2024T20:39:43 - [MESSAGE][PASSED] - Object 'Object Repository/Homepage/btn_account' is present

25-03-2024T20:39:44 - [MESSAGE][PASSED] - Object: 'Object Repository/Homepage/btn_account' is clicked on

25-03-2024T20:39:44 - [MESSAGE][WARNING] - Timeout '0' is invalid. Using default page load timeout: '30'

25-03-2024T20:39:44 - [MESSAGE][PASSED] - Object 'Object Repository/Homepage/btn_keluar' is present

25-03-2024T20:39:44 - [MESSAGE][WARNING] - Timeout '0' is invalid. Using default page load timeout: '30'

25-03-2024T20:39:44 - [MESSAGE][PASSED] - Object 'Object Repository/Homepage/btn_keluar' is present

25-03-2024T20:39:45 - [MESSAGE][PASSED] - Object: 'Object Repository/Homepage/btn_keluar' is clicked on

25-03-2024T20:39:45 - [MESSAGE][WARNING] - A browser is already opened. Closing browser and opening a new one

25-03-2024T20:39:45 - [MESSAGE][INFO] - Starting 'Chrome' driver

25-03-2024T20:39:45 - [MESSAGE][INFO] - Action delay is set to 0 milliseconds

25-03-2024T20:39:46 - [MESSAGE][PASSED] - Browser is opened with url: 'https://secondhand.binaracademy.org/users/sign_in'

25-03-2024T20:39:46 - [MESSAGE][PASSED] - Current window maximized

25-03-2024T20:39:46 - [MESSAGE][WARNING] - Timeout '0' is invalid. Using default page load timeout: '30'

25-03-2024T20:39:46 - [MESSAGE][PASSED] - Object 'Object Repository/Login Page/TextArea_email' is present

25-03-2024T20:39:46 - [MESSAGE][WARNING] - Timeout '0' is invalid. Using default page load timeout: '30'

25-03-2024T20:39:46 - [MESSAGE][PASSED] - Object 'Object Repository/Login Page/TextArea_password' is present

25-03-2024T20:39:47 - [MESSAGE][PASSED] - Text 'sandra100@gmail.com' is set on object 'Object Repository/Login Page/TextArea_email'

25-03-2024T20:39:47 - [MESSAGE][PASSED] - Text 'sandra100' is set on object 'Object Repository/Login Page/TextArea_password'

25-03-2024T20:39:48 - [MESSAGE][PASSED] - Object: 'Object Repository/Login Page/btn_loginCommit' is clicked on

25-03-2024T20:39:48 - [MESSAGE][WARNING] - Timeout '0' is invalid. Using default page load timeout: '30'

25-03-2024T20:39:49 - [MESSAGE][PASSED] - Object 'Object Repository/Homepage/btn_jual' is present

25-03-2024T20:39:49 - [MESSAGE][WARNING] - Timeout '0' is invalid. Using default page load timeout: '30'

25-03-2024T20:39:50 - [MESSAGE][PASSED] - Object 'Object Repository/Homepage/btn_profile' is present

25-03-2024T20:39:50 - [MESSAGE][WARNING] - Timeout '0' is invalid. Using default page load timeout: '30'

25-03-2024T20:39:50 - [MESSAGE][PASSED] - Object 'Object Repository/Homepage/btn_jual' is present

25-03-2024T20:39:50 - [MESSAGE][WARNING] - Timeout '0' is invalid. Using default page load timeout: '30'

25-03-2024T20:39:50 - [MESSAGE][PASSED] - Object 'Object Repository/Homepage/btn_profile' is present

25-03-2024T20:39:51 - [MESSAGE][PASSED] - Object: 'Object Repository/Homepage/btn_jual' is clicked on

25-03-2024T20:39:51 - [MESSAGE][WARNING] - Timeout '0' is invalid. Using default page load timeout: '30'

25-03-2024T20:39:51 - [MESSAGE][PASSED] - Object 'Object Repository/Post Product Page/btn_terbitkan' is present

25-03-2024T20:39:51 - [MESSAGE][WARNING] - Timeout '0' is invalid. Using default page load timeout: '30'

25-03-2024T20:39:51 - [MESSAGE][PASSED] - Object 'Object Repository/Post Product Page/btn_terbitkan' is present

25-03-2024T20:39:51 - [MESSAGE][WARNING] - Timeout '0' is invalid. Using default page load timeout: '30'

25-03-2024T20:39:52 - [MESSAGE][PASSED] - Object 'Object Repository/Post Product Page/btn_preview' is present

25-03-2024T20:39:52 - [MESSAGE][WARNING] - Timeout '0' is invalid. Using default page load timeout: '30'

25-03-2024T20:39:52 - [MESSAGE][PASSED] - Object 'Object Repository/Post Product Page/btn_preview' is present

25-03-2024T20:39:52 - [MESSAGE][PASSED] - Text 'beat' is set on object 'Object Repository/Post Product Page/TextBox_namaProduk'

25-03-2024T20:39:53 - [MESSAGE][PASSED] - Text '1000' is set on object 'Object Repository/Post Product Page/TextBox_hargaProduk'

25-03-2024T20:39:53 - [MESSAGE][PASSED] - All options with value '2' are selected in object 'Object Repository/Post Product Page/select_pilihKategori' 

25-03-2024T20:39:54 - [MESSAGE][PASSED] - Text 'barang bekas' is set on object 'Object Repository/Post Product Page/TextBox_deskripsiProduk'

25-03-2024T20:39:54 - [MESSAGE][PASSED] - File 'C:/Users/archi_000/Katalon Studio/Challenge_Kelompok_1_Web_Platinum/Asset/sapi.jpg' sent to object: 'Object Repository/Post Product Page/img_formImage'

25-03-2024T20:39:55 - [MESSAGE][PASSED] - Delayed 1 second(s)

25-03-2024T20:39:56 - [MESSAGE][PASSED] - Object: 'Object Repository/Post Product Page/btn_terbitkan' is clicked on

25-03-2024T20:39:56 - [MESSAGE][WARNING] - Timeout '0' is invalid. Using default page load timeout: '30'

25-03-2024T20:39:57 - [MESSAGE][PASSED] - Object 'Object Repository/Product Details Page/btn_delete' is present

25-03-2024T20:39:57 - [MESSAGE][WARNING] - Timeout '0' is invalid. Using default page load timeout: '30'

25-03-2024T20:39:57 - [MESSAGE][PASSED] - Object 'Object Repository/Product Details Page/btn_delete' is present

25-03-2024T20:39:57 - [MESSAGE][WARNING] - Timeout '0' is invalid. Using default page load timeout: '30'

25-03-2024T20:39:58 - [MESSAGE][PASSED] - Object 'Object Repository/Product Details Page/btn_edit' is present

25-03-2024T20:39:58 - [MESSAGE][WARNING] - Timeout '0' is invalid. Using default page load timeout: '30'

25-03-2024T20:39:58 - [MESSAGE][PASSED] - Object 'Object Repository/Product Details Page/btn_edit' is present

25-03-2024T20:39:58 - [MESSAGE][WARNING] - A browser is already opened. Closing browser and opening a new one

25-03-2024T20:39:58 - [MESSAGE][INFO] - Starting 'Chrome' driver

25-03-2024T20:39:58 - [MESSAGE][INFO] - Action delay is set to 0 milliseconds

25-03-2024T20:39:59 - [MESSAGE][PASSED] - Browser is opened with url: 'https://secondhand.binaracademy.org/users/sign_in'

25-03-2024T20:39:59 - [MESSAGE][PASSED] - Current window maximized

25-03-2024T20:39:59 - [MESSAGE][WARNING] - Timeout '0' is invalid. Using default page load timeout: '30'

25-03-2024T20:39:59 - [MESSAGE][PASSED] - Object 'Object Repository/Login Page/TextArea_email' is present

25-03-2024T20:39:59 - [MESSAGE][WARNING] - Timeout '0' is invalid. Using default page load timeout: '30'

25-03-2024T20:39:59 - [MESSAGE][PASSED] - Object 'Object Repository/Login Page/TextArea_password' is present

25-03-2024T20:40:00 - [MESSAGE][PASSED] - Text 'sandra100@gmail.com' is set on object 'Object Repository/Login Page/TextArea_email'

25-03-2024T20:40:01 - [MESSAGE][PASSED] - Text 'sandra100' is set on object 'Object Repository/Login Page/TextArea_password'

25-03-2024T20:40:01 - [MESSAGE][PASSED] - Object: 'Object Repository/Login Page/btn_loginCommit' is clicked on

25-03-2024T20:40:01 - [MESSAGE][WARNING] - Timeout '0' is invalid. Using default page load timeout: '30'

25-03-2024T20:40:02 - [MESSAGE][PASSED] - Object 'Object Repository/Homepage/btn_jual' is present

25-03-2024T20:40:02 - [MESSAGE][WARNING] - Timeout '0' is invalid. Using default page load timeout: '30'

25-03-2024T20:40:03 - [MESSAGE][PASSED] - Object 'Object Repository/Homepage/btn_profile' is present

25-03-2024T20:40:03 - [MESSAGE][WARNING] - Timeout '0' is invalid. Using default page load timeout: '30'

25-03-2024T20:40:03 - [MESSAGE][PASSED] - Object 'Object Repository/Homepage/btn_jual' is present

25-03-2024T20:40:03 - [MESSAGE][WARNING] - Timeout '0' is invalid. Using default page load timeout: '30'

25-03-2024T20:40:03 - [MESSAGE][PASSED] - Object 'Object Repository/Homepage/btn_profile' is present

25-03-2024T20:40:03 - [MESSAGE][PASSED] - Object: 'Object Repository/Homepage/btn_jual' is clicked on

25-03-2024T20:40:03 - [MESSAGE][WARNING] - Timeout '0' is invalid. Using default page load timeout: '30'

25-03-2024T20:40:04 - [MESSAGE][PASSED] - Object 'Object Repository/Post Product Page/btn_terbitkan' is present

25-03-2024T20:40:04 - [MESSAGE][WARNING] - Timeout '0' is invalid. Using default page load timeout: '30'

25-03-2024T20:40:04 - [MESSAGE][PASSED] - Object 'Object Repository/Post Product Page/btn_terbitkan' is present

25-03-2024T20:40:04 - [MESSAGE][WARNING] - Timeout '0' is invalid. Using default page load timeout: '30'

25-03-2024T20:40:04 - [MESSAGE][PASSED] - Object 'Object Repository/Post Product Page/btn_preview' is present

25-03-2024T20:40:04 - [MESSAGE][WARNING] - Timeout '0' is invalid. Using default page load timeout: '30'

25-03-2024T20:40:05 - [MESSAGE][PASSED] - Object 'Object Repository/Post Product Page/btn_preview' is present

25-03-2024T20:40:05 - [MESSAGE][PASSED] - Text 'beat' is set on object 'Object Repository/Post Product Page/TextBox_namaProduk'

25-03-2024T20:40:06 - [MESSAGE][PASSED] - Text '1000' is set on object 'Object Repository/Post Product Page/TextBox_hargaProduk'

25-03-2024T20:40:06 - [MESSAGE][PASSED] - All options with value '2' are selected in object 'Object Repository/Post Product Page/select_pilihKategori' 

25-03-2024T20:40:07 - [MESSAGE][PASSED] - Text 'barang bekas' is set on object 'Object Repository/Post Product Page/TextBox_deskripsiProduk'

25-03-2024T20:40:07 - [MESSAGE][PASSED] - File 'C:/Users/archi_000/Katalon Studio/Challenge_Kelompok_1_Web_Platinum/Asset/sapi.jpg' sent to object: 'Object Repository/Post Product Page/img_formImage'

25-03-2024T20:40:08 - [MESSAGE][PASSED] - Delayed 1 second(s)

25-03-2024T20:40:09 - [MESSAGE][PASSED] - Object: 'Object Repository/Post Product Page/btn_preview' is clicked on

25-03-2024T20:40:09 - [MESSAGE][WARNING] - Timeout '0' is invalid. Using default page load timeout: '30'

25-03-2024T20:40:10 - [MESSAGE][PASSED] - Object 'Object Repository/Preview Page/btn_terbitkan' is present

25-03-2024T20:40:10 - [MESSAGE][WARNING] - Timeout '0' is invalid. Using default page load timeout: '30'

25-03-2024T20:40:10 - [MESSAGE][PASSED] - Object 'Object Repository/Preview Page/btn_terbitkan' is present

25-03-2024T20:40:10 - [MESSAGE][WARNING] - Timeout '0' is invalid. Using default page load timeout: '30'

25-03-2024T20:40:10 - [MESSAGE][PASSED] - Object 'Object Repository/Preview Page/btn_edit' is present

25-03-2024T20:40:10 - [MESSAGE][WARNING] - Timeout '0' is invalid. Using default page load timeout: '30'

25-03-2024T20:40:10 - [MESSAGE][PASSED] - Object 'Object Repository/Preview Page/btn_edit' is present

25-03-2024T20:40:10 - [MESSAGE][WARNING] - A browser is already opened. Closing browser and opening a new one

25-03-2024T20:40:10 - [MESSAGE][INFO] - Starting 'Chrome' driver

25-03-2024T20:40:10 - [MESSAGE][INFO] - Action delay is set to 0 milliseconds

25-03-2024T20:40:11 - [MESSAGE][PASSED] - Browser is opened with url: 'https://secondhand.binaracademy.org/users/sign_in'

25-03-2024T20:40:12 - [MESSAGE][PASSED] - Current window maximized

25-03-2024T20:40:12 - [MESSAGE][WARNING] - Timeout '0' is invalid. Using default page load timeout: '30'

25-03-2024T20:40:12 - [MESSAGE][PASSED] - Object 'Object Repository/Login Page/TextArea_email' is present

25-03-2024T20:40:12 - [MESSAGE][WARNING] - Timeout '0' is invalid. Using default page load timeout: '30'

25-03-2024T20:40:12 - [MESSAGE][PASSED] - Object 'Object Repository/Login Page/TextArea_password' is present

25-03-2024T20:40:13 - [MESSAGE][PASSED] - Text 'sandra100@gmail.com' is set on object 'Object Repository/Login Page/TextArea_email'

25-03-2024T20:40:13 - [MESSAGE][PASSED] - Text 'sandra100' is set on object 'Object Repository/Login Page/TextArea_password'

25-03-2024T20:40:13 - [MESSAGE][PASSED] - Object: 'Object Repository/Login Page/btn_loginCommit' is clicked on

25-03-2024T20:40:13 - [MESSAGE][WARNING] - Timeout '0' is invalid. Using default page load timeout: '30'

25-03-2024T20:40:14 - [MESSAGE][PASSED] - Object 'Object Repository/Homepage/btn_jual' is present

25-03-2024T20:40:14 - [MESSAGE][WARNING] - Timeout '0' is invalid. Using default page load timeout: '30'

25-03-2024T20:40:15 - [MESSAGE][PASSED] - Object 'Object Repository/Homepage/btn_profile' is present

25-03-2024T20:40:15 - [MESSAGE][WARNING] - Timeout '0' is invalid. Using default page load timeout: '30'

25-03-2024T20:40:15 - [MESSAGE][PASSED] - Object 'Object Repository/Homepage/btn_jual' is present

25-03-2024T20:40:15 - [MESSAGE][WARNING] - Timeout '0' is invalid. Using default page load timeout: '30'

25-03-2024T20:40:15 - [MESSAGE][PASSED] - Object 'Object Repository/Homepage/btn_profile' is present

25-03-2024T20:40:16 - [MESSAGE][PASSED] - Object: 'Object Repository/Homepage/btn_jual' is clicked on

25-03-2024T20:40:16 - [MESSAGE][WARNING] - Timeout '0' is invalid. Using default page load timeout: '30'

25-03-2024T20:40:16 - [MESSAGE][PASSED] - Object 'Object Repository/Post Product Page/btn_terbitkan' is present

25-03-2024T20:40:16 - [MESSAGE][WARNING] - Timeout '0' is invalid. Using default page load timeout: '30'

25-03-2024T20:40:16 - [MESSAGE][PASSED] - Object 'Object Repository/Post Product Page/btn_terbitkan' is present

25-03-2024T20:40:16 - [MESSAGE][WARNING] - Timeout '0' is invalid. Using default page load timeout: '30'

25-03-2024T20:40:17 - [MESSAGE][PASSED] - Object 'Object Repository/Post Product Page/btn_preview' is present

25-03-2024T20:40:17 - [MESSAGE][WARNING] - Timeout '0' is invalid. Using default page load timeout: '30'

25-03-2024T20:40:17 - [MESSAGE][PASSED] - Object 'Object Repository/Post Product Page/btn_preview' is present

25-03-2024T20:40:17 - [MESSAGE][PASSED] - Text 'beat' is set on object 'Object Repository/Post Product Page/TextBox_namaProduk'

25-03-2024T20:40:18 - [MESSAGE][PASSED] - Text '1000' is set on object 'Object Repository/Post Product Page/TextBox_hargaProduk'

25-03-2024T20:40:18 - [MESSAGE][PASSED] - All options with label 'Pilih Kategori' are selected in object 'Object Repository/Post Product Page/select_pilihKategori' 

25-03-2024T20:40:19 - [MESSAGE][PASSED] - Text 'barang bekas' is set on object 'Object Repository/Post Product Page/TextBox_deskripsiProduk'

25-03-2024T20:40:19 - [MESSAGE][PASSED] - File 'C:/Users/archi_000/Katalon Studio/Challenge_Kelompok_1_Web_Platinum/Asset/sapi.jpg' sent to object: 'Object Repository/Post Product Page/img_formImage'

25-03-2024T20:40:20 - [MESSAGE][PASSED] - Object: 'Object Repository/Post Product Page/btn_terbitkan' is clicked on

25-03-2024T20:40:20 - [MESSAGE][WARNING] - Timeout '0' is invalid. Using default page load timeout: '30'

25-03-2024T20:40:20 - [MESSAGE][PASSED] - Object 'Object Repository/Post Product Page/text_errorMessage_kategori' is present

25-03-2024T20:40:20 - [MESSAGE][WARNING] - A browser is already opened. Closing browser and opening a new one

25-03-2024T20:40:20 - [MESSAGE][INFO] - Starting 'Chrome' driver

25-03-2024T20:40:20 - [MESSAGE][INFO] - Action delay is set to 0 milliseconds

25-03-2024T20:40:21 - [MESSAGE][PASSED] - Browser is opened with url: 'https://secondhand.binaracademy.org/users/sign_in'

25-03-2024T20:40:21 - [MESSAGE][PASSED] - Current window maximized

25-03-2024T20:40:21 - [MESSAGE][WARNING] - Timeout '0' is invalid. Using default page load timeout: '30'

25-03-2024T20:40:22 - [MESSAGE][PASSED] - Object 'Object Repository/Login Page/TextArea_email' is present

25-03-2024T20:40:22 - [MESSAGE][WARNING] - Timeout '0' is invalid. Using default page load timeout: '30'

25-03-2024T20:40:22 - [MESSAGE][PASSED] - Object 'Object Repository/Login Page/TextArea_password' is present

25-03-2024T20:40:22 - [MESSAGE][PASSED] - Text 'sandra100@gmail.com' is set on object 'Object Repository/Login Page/TextArea_email'

25-03-2024T20:40:23 - [MESSAGE][PASSED] - Text 'sandra100' is set on object 'Object Repository/Login Page/TextArea_password'

25-03-2024T20:40:23 - [MESSAGE][PASSED] - Object: 'Object Repository/Login Page/btn_loginCommit' is clicked on

25-03-2024T20:40:23 - [MESSAGE][WARNING] - Timeout '0' is invalid. Using default page load timeout: '30'

25-03-2024T20:40:24 - [MESSAGE][PASSED] - Object 'Object Repository/Homepage/btn_jual' is present

25-03-2024T20:40:24 - [MESSAGE][WARNING] - Timeout '0' is invalid. Using default page load timeout: '30'

25-03-2024T20:40:24 - [MESSAGE][PASSED] - Object 'Object Repository/Homepage/btn_profile' is present

25-03-2024T20:40:24 - [MESSAGE][WARNING] - Timeout '0' is invalid. Using default page load timeout: '30'

25-03-2024T20:40:25 - [MESSAGE][PASSED] - Object 'Object Repository/Homepage/btn_jual' is present

25-03-2024T20:40:25 - [MESSAGE][WARNING] - Timeout '0' is invalid. Using default page load timeout: '30'

25-03-2024T20:40:25 - [MESSAGE][PASSED] - Object 'Object Repository/Homepage/btn_profile' is present

25-03-2024T20:40:25 - [MESSAGE][PASSED] - Object: 'Object Repository/Homepage/btn_daftarJual' is clicked on

25-03-2024T20:40:25 - [MESSAGE][WARNING] - Timeout '0' is invalid. Using default page load timeout: '30'

25-03-2024T20:40:26 - [MESSAGE][PASSED] - Object 'Object Repository/Daftar Jual Page/btn_edit' is present

25-03-2024T20:40:26 - [MESSAGE][WARNING] - Timeout '0' is invalid. Using default page load timeout: '30'

25-03-2024T20:40:26 - [MESSAGE][PASSED] - Object 'Object Repository/Daftar Jual Page/btn_edit' is present

25-03-2024T20:40:26 - [MESSAGE][WARNING] - Timeout '0' is invalid. Using default page load timeout: '30'

25-03-2024T20:40:26 - [MESSAGE][PASSED] - Object 'Object Repository/Daftar Jual Page/btn_productCard' is present

25-03-2024T20:40:26 - [MESSAGE][WARNING] - Timeout '0' is invalid. Using default page load timeout: '30'

25-03-2024T20:40:26 - [MESSAGE][PASSED] - Object 'Object Repository/Daftar Jual Page/btn_productCard' is present

25-03-2024T20:40:27 - [MESSAGE][PASSED] - Object: 'Object Repository/Daftar Jual Page/btn_productCard' is clicked on

25-03-2024T20:40:27 - [MESSAGE][WARNING] - Timeout '0' is invalid. Using default page load timeout: '30'

25-03-2024T20:40:27 - [MESSAGE][PASSED] - Object 'Object Repository/Product Details Page/btn_delete' is present

25-03-2024T20:40:27 - [MESSAGE][WARNING] - Timeout '0' is invalid. Using default page load timeout: '30'

25-03-2024T20:40:28 - [MESSAGE][PASSED] - Object 'Object Repository/Product Details Page/btn_delete' is present

25-03-2024T20:40:28 - [MESSAGE][WARNING] - Timeout '0' is invalid. Using default page load timeout: '30'

25-03-2024T20:40:28 - [MESSAGE][PASSED] - Object 'Object Repository/Product Details Page/btn_edit' is present

25-03-2024T20:40:28 - [MESSAGE][WARNING] - Timeout '0' is invalid. Using default page load timeout: '30'

25-03-2024T20:40:28 - [MESSAGE][PASSED] - Object 'Object Repository/Product Details Page/btn_edit' is present

25-03-2024T20:40:28 - [MESSAGE][PASSED] - Object: 'Object Repository/Product Details Page/btn_edit' is clicked on

25-03-2024T20:40:28 - [MESSAGE][WARNING] - Timeout '0' is invalid. Using default page load timeout: '30'

25-03-2024T20:40:29 - [MESSAGE][PASSED] - Object 'Object Repository/Edit product page/btn_terbitkan' is present

25-03-2024T20:40:29 - [MESSAGE][WARNING] - Timeout '0' is invalid. Using default page load timeout: '30'

25-03-2024T20:40:29 - [MESSAGE][PASSED] - Object 'Object Repository/Edit product page/btn_terbitkan' is present

25-03-2024T20:40:29 - [MESSAGE][WARNING] - Timeout '0' is invalid. Using default page load timeout: '30'

25-03-2024T20:40:29 - [MESSAGE][PASSED] - Object 'Object Repository/Edit product page/btn_preview' is present

25-03-2024T20:40:29 - [MESSAGE][WARNING] - Timeout '0' is invalid. Using default page load timeout: '30'

25-03-2024T20:40:30 - [MESSAGE][PASSED] - Object 'Object Repository/Edit product page/btn_preview' is present

25-03-2024T20:40:30 - [MESSAGE][PASSED] - Text 'capybara' is set on object 'Object Repository/Edit product page/TextBox_namaProduk'

25-03-2024T20:40:31 - [MESSAGE][PASSED] - Text '2000' is set on object 'Object Repository/Edit product page/TextBox_hargaProduk'

25-03-2024T20:40:31 - [MESSAGE][PASSED] - All options with value '3' are selected in object 'Object Repository/Edit product page/select_pilihKategori' 

25-03-2024T20:40:32 - [MESSAGE][PASSED] - Text 'capybara dijual' is set on object 'Object Repository/Edit product page/TextBox_deskripsiProduk'

25-03-2024T20:40:32 - [MESSAGE][PASSED] - Object: 'Object Repository/Edit product page/btn_hapusImage' is clicked on

25-03-2024T20:40:32 - [MESSAGE][WARNING] - Timeout '0' is invalid. Using default page load timeout: '30'

25-03-2024T20:40:33 - [MESSAGE][PASSED] - Web element with id: 'Object Repository/Edit product page/btn_hapusImage' located by 'By.xpath: //*[@class = 'btn-close btn-close-white position-absolute top-0 start-100 translate-middle']' is not present after '30' second(s)

25-03-2024T20:40:33 - [MESSAGE][PASSED] - File 'C:/Users/archi_000/Katalon Studio/Challenge_Kelompok_1_Web_Platinum/Asset/sapi.jpg' sent to object: 'Object Repository/Edit product page/img_formImage'

25-03-2024T20:40:34 - [MESSAGE][PASSED] - Object: 'Object Repository/Edit product page/btn_terbitkan' is clicked on

25-03-2024T20:40:34 - [MESSAGE][WARNING] - A browser is already opened. Closing browser and opening a new one

25-03-2024T20:40:34 - [MESSAGE][INFO] - Starting 'Chrome' driver

25-03-2024T20:40:34 - [MESSAGE][INFO] - Action delay is set to 0 milliseconds

25-03-2024T20:40:35 - [MESSAGE][PASSED] - Browser is opened with url: 'https://secondhand.binaracademy.org/users/sign_in'

25-03-2024T20:40:35 - [MESSAGE][PASSED] - Current window maximized

25-03-2024T20:40:35 - [MESSAGE][WARNING] - Timeout '0' is invalid. Using default page load timeout: '30'

25-03-2024T20:40:36 - [MESSAGE][PASSED] - Object 'Object Repository/Login Page/TextArea_email' is present

25-03-2024T20:40:36 - [MESSAGE][WARNING] - Timeout '0' is invalid. Using default page load timeout: '30'

25-03-2024T20:40:36 - [MESSAGE][PASSED] - Object 'Object Repository/Login Page/TextArea_password' is present

25-03-2024T20:40:36 - [MESSAGE][PASSED] - Text 'sandra100@gmail.com' is set on object 'Object Repository/Login Page/TextArea_email'

25-03-2024T20:40:37 - [MESSAGE][PASSED] - Text 'sandra100' is set on object 'Object Repository/Login Page/TextArea_password'

25-03-2024T20:40:37 - [MESSAGE][PASSED] - Object: 'Object Repository/Login Page/btn_loginCommit' is clicked on

25-03-2024T20:40:37 - [MESSAGE][WARNING] - Timeout '0' is invalid. Using default page load timeout: '30'

25-03-2024T20:40:38 - [MESSAGE][PASSED] - Object 'Object Repository/Homepage/btn_jual' is present

25-03-2024T20:40:38 - [MESSAGE][WARNING] - Timeout '0' is invalid. Using default page load timeout: '30'

25-03-2024T20:40:38 - [MESSAGE][PASSED] - Object 'Object Repository/Homepage/btn_profile' is present

25-03-2024T20:40:38 - [MESSAGE][WARNING] - Timeout '0' is invalid. Using default page load timeout: '30'

25-03-2024T20:40:39 - [MESSAGE][PASSED] - Object 'Object Repository/Homepage/btn_jual' is present

25-03-2024T20:40:39 - [MESSAGE][WARNING] - Timeout '0' is invalid. Using default page load timeout: '30'

25-03-2024T20:40:39 - [MESSAGE][PASSED] - Object 'Object Repository/Homepage/btn_profile' is present

25-03-2024T20:40:39 - [MESSAGE][PASSED] - Object: 'Object Repository/Homepage/btn_daftarJual' is clicked on

25-03-2024T20:40:39 - [MESSAGE][WARNING] - Timeout '0' is invalid. Using default page load timeout: '30'

25-03-2024T20:40:40 - [MESSAGE][PASSED] - Object 'Object Repository/Daftar Jual Page/btn_edit' is present

25-03-2024T20:40:40 - [MESSAGE][WARNING] - Timeout '0' is invalid. Using default page load timeout: '30'

25-03-2024T20:40:40 - [MESSAGE][PASSED] - Object 'Object Repository/Daftar Jual Page/btn_edit' is present

25-03-2024T20:40:40 - [MESSAGE][WARNING] - Timeout '0' is invalid. Using default page load timeout: '30'

25-03-2024T20:40:40 - [MESSAGE][PASSED] - Object 'Object Repository/Daftar Jual Page/btn_productCard' is present

25-03-2024T20:40:40 - [MESSAGE][WARNING] - Timeout '0' is invalid. Using default page load timeout: '30'

25-03-2024T20:40:40 - [MESSAGE][PASSED] - Object 'Object Repository/Daftar Jual Page/btn_productCard' is present

25-03-2024T20:40:41 - [MESSAGE][PASSED] - Object: 'Object Repository/Daftar Jual Page/btn_productCard' is clicked on

25-03-2024T20:40:41 - [MESSAGE][WARNING] - Timeout '0' is invalid. Using default page load timeout: '30'

25-03-2024T20:40:41 - [MESSAGE][PASSED] - Object 'Object Repository/Product Details Page/btn_delete' is present

25-03-2024T20:40:41 - [MESSAGE][WARNING] - Timeout '0' is invalid. Using default page load timeout: '30'

25-03-2024T20:40:42 - [MESSAGE][PASSED] - Object 'Object Repository/Product Details Page/btn_delete' is present

25-03-2024T20:40:42 - [MESSAGE][WARNING] - Timeout '0' is invalid. Using default page load timeout: '30'

25-03-2024T20:40:42 - [MESSAGE][PASSED] - Object 'Object Repository/Product Details Page/btn_edit' is present

25-03-2024T20:40:42 - [MESSAGE][WARNING] - Timeout '0' is invalid. Using default page load timeout: '30'

25-03-2024T20:40:42 - [MESSAGE][PASSED] - Object 'Object Repository/Product Details Page/btn_edit' is present

25-03-2024T20:40:42 - [MESSAGE][PASSED] - Object: 'Object Repository/Product Details Page/btn_edit' is clicked on

25-03-2024T20:40:42 - [MESSAGE][WARNING] - Timeout '0' is invalid. Using default page load timeout: '30'

25-03-2024T20:40:43 - [MESSAGE][PASSED] - Object 'Object Repository/Edit product page/btn_terbitkan' is present

25-03-2024T20:40:43 - [MESSAGE][WARNING] - Timeout '0' is invalid. Using default page load timeout: '30'

25-03-2024T20:40:43 - [MESSAGE][PASSED] - Object 'Object Repository/Edit product page/btn_terbitkan' is present

25-03-2024T20:40:43 - [MESSAGE][WARNING] - Timeout '0' is invalid. Using default page load timeout: '30'

25-03-2024T20:40:43 - [MESSAGE][PASSED] - Object 'Object Repository/Edit product page/btn_preview' is present

25-03-2024T20:40:43 - [MESSAGE][WARNING] - Timeout '0' is invalid. Using default page load timeout: '30'

25-03-2024T20:40:44 - [MESSAGE][PASSED] - Object 'Object Repository/Edit product page/btn_preview' is present

25-03-2024T20:40:44 - [MESSAGE][PASSED] - Text '' is set on object 'Object Repository/Edit product page/TextBox_namaProduk'

25-03-2024T20:40:45 - [MESSAGE][PASSED] - Object: 'Object Repository/Edit product page/btn_terbitkan' is clicked on

25-03-2024T20:40:45 - [MESSAGE][WARNING] - Timeout '0' is invalid. Using default page load timeout: '30'

25-03-2024T20:40:45 - [MESSAGE][PASSED] - Object 'Object Repository/Edit product page/text_errorMessage_namaProduk' is present

25-03-2024T20:40:45 - [MESSAGE][WARNING] - A browser is already opened. Closing browser and opening a new one

25-03-2024T20:40:45 - [MESSAGE][INFO] - Starting 'Chrome' driver

25-03-2024T20:40:45 - [MESSAGE][INFO] - Action delay is set to 0 milliseconds

25-03-2024T20:40:46 - [MESSAGE][PASSED] - Browser is opened with url: 'https://secondhand.binaracademy.org/users/sign_in'

25-03-2024T20:40:46 - [MESSAGE][PASSED] - Current window maximized

25-03-2024T20:40:46 - [MESSAGE][WARNING] - Timeout '0' is invalid. Using default page load timeout: '30'

25-03-2024T20:40:47 - [MESSAGE][PASSED] - Object 'Object Repository/Login Page/TextArea_email' is present

25-03-2024T20:40:47 - [MESSAGE][WARNING] - Timeout '0' is invalid. Using default page load timeout: '30'

25-03-2024T20:40:47 - [MESSAGE][PASSED] - Object 'Object Repository/Login Page/TextArea_password' is present

25-03-2024T20:40:47 - [MESSAGE][PASSED] - Text 'sandra100@gmail.com' is set on object 'Object Repository/Login Page/TextArea_email'

25-03-2024T20:40:48 - [MESSAGE][PASSED] - Text 'sandra100' is set on object 'Object Repository/Login Page/TextArea_password'

25-03-2024T20:40:48 - [MESSAGE][PASSED] - Object: 'Object Repository/Login Page/btn_loginCommit' is clicked on

25-03-2024T20:40:48 - [MESSAGE][WARNING] - Timeout '0' is invalid. Using default page load timeout: '30'

25-03-2024T20:40:49 - [MESSAGE][PASSED] - Object 'Object Repository/Homepage/btn_jual' is present

25-03-2024T20:40:49 - [MESSAGE][WARNING] - Timeout '0' is invalid. Using default page load timeout: '30'

25-03-2024T20:40:49 - [MESSAGE][PASSED] - Object 'Object Repository/Homepage/btn_profile' is present

25-03-2024T20:40:49 - [MESSAGE][WARNING] - Timeout '0' is invalid. Using default page load timeout: '30'

25-03-2024T20:40:50 - [MESSAGE][PASSED] - Object 'Object Repository/Homepage/btn_jual' is present

25-03-2024T20:40:50 - [MESSAGE][WARNING] - Timeout '0' is invalid. Using default page load timeout: '30'

25-03-2024T20:40:50 - [MESSAGE][PASSED] - Object 'Object Repository/Homepage/btn_profile' is present

25-03-2024T20:40:50 - [MESSAGE][PASSED] - Object: 'Object Repository/Homepage/btn_daftarJual' is clicked on

25-03-2024T20:40:50 - [MESSAGE][WARNING] - Timeout '0' is invalid. Using default page load timeout: '30'

25-03-2024T20:40:51 - [MESSAGE][PASSED] - Object 'Object Repository/Daftar Jual Page/text_daftarJualSaya' is present

25-03-2024T20:40:51 - [MESSAGE][WARNING] - Timeout '0' is invalid. Using default page load timeout: '30'

25-03-2024T20:40:51 - [MESSAGE][PASSED] - Object 'Object Repository/Daftar Jual Page/text_daftarJualSaya' is present

25-03-2024T20:40:51 - [MESSAGE][WARNING] - Timeout '0' is invalid. Using default page load timeout: '30'

25-03-2024T20:40:51 - [MESSAGE][PASSED] - Object 'Object Repository/Daftar Jual Page/btn_edit' is present

25-03-2024T20:40:51 - [MESSAGE][WARNING] - Timeout '0' is invalid. Using default page load timeout: '30'

25-03-2024T20:40:51 - [MESSAGE][PASSED] - Object 'Object Repository/Daftar Jual Page/btn_edit' is present

25-03-2024T20:40:51 - [MESSAGE][WARNING] - Timeout '0' is invalid. Using default page load timeout: '30'

25-03-2024T20:40:52 - [MESSAGE][PASSED] - Object 'Object Repository/Daftar Jual Page/btn_productCard' is present

25-03-2024T20:40:52 - [MESSAGE][WARNING] - Timeout '0' is invalid. Using default page load timeout: '30'

25-03-2024T20:40:52 - [MESSAGE][PASSED] - Object 'Object Repository/Daftar Jual Page/btn_productCard' is present

25-03-2024T20:40:52 - [MESSAGE][PASSED] - Object: 'Object Repository/Daftar Jual Page/btn_productCard' is clicked on

25-03-2024T20:40:53 - [MESSAGE][PASSED] - Object: 'Object Repository/Product Details Page/btn_delete' is clicked on

25-03-2024T20:40:53 - [MESSAGE][WARNING] - Timeout '0' is invalid. Using default page load timeout: '30'

25-03-2024T20:40:53 - [MESSAGE][PASSED] - Object 'Object Repository/Daftar Jual Page/text_daftarJualSaya' is present

25-03-2024T20:40:53 - [MESSAGE][WARNING] - Timeout '0' is invalid. Using default page load timeout: '30'

25-03-2024T20:40:54 - [MESSAGE][PASSED] - Object 'Object Repository/Daftar Jual Page/text_daftarJualSaya' is present

25-03-2024T20:40:54 - [MESSAGE][WARNING] - Timeout '0' is invalid. Using default page load timeout: '30'

25-03-2024T20:40:54 - [MESSAGE][PASSED] - Object 'Object Repository/Daftar Jual Page/btn_edit' is present

25-03-2024T20:40:54 - [MESSAGE][WARNING] - Timeout '0' is invalid. Using default page load timeout: '30'

25-03-2024T20:40:54 - [MESSAGE][PASSED] - Object 'Object Repository/Daftar Jual Page/btn_edit' is present

25-03-2024T20:40:54 - [MESSAGE][PASSED] - Browser is closed

25-03-2024T20:40:54 - [MESSAGE][INFO] - Starting 'Chrome' driver

25-03-2024T20:40:54 - [MESSAGE][INFO] - Action delay is set to 0 milliseconds

25-03-2024T20:40:55 - [MESSAGE][PASSED] - Browser is opened with url: 'https://secondhand.binaracademy.org/users/sign_in'

25-03-2024T20:40:55 - [MESSAGE][PASSED] - Current window maximized

25-03-2024T20:40:55 - [MESSAGE][WARNING] - Timeout '0' is invalid. Using default page load timeout: '30'

25-03-2024T20:40:56 - [MESSAGE][PASSED] - Object 'Object Repository/Login Page/TextArea_email' is present

25-03-2024T20:40:56 - [MESSAGE][WARNING] - Timeout '0' is invalid. Using default page load timeout: '30'

25-03-2024T20:40:56 - [MESSAGE][PASSED] - Object 'Object Repository/Login Page/TextArea_password' is present

25-03-2024T20:40:56 - [MESSAGE][PASSED] - Text 'sandra100@gmail.com' is set on object 'Object Repository/Login Page/TextArea_email'

25-03-2024T20:40:57 - [MESSAGE][PASSED] - Text 'sandra100' is set on object 'Object Repository/Login Page/TextArea_password'

25-03-2024T20:40:57 - [MESSAGE][PASSED] - Object: 'Object Repository/Login Page/btn_loginCommit' is clicked on

25-03-2024T20:40:57 - [MESSAGE][WARNING] - Timeout '0' is invalid. Using default page load timeout: '30'

25-03-2024T20:40:58 - [MESSAGE][PASSED] - Object 'Object Repository/Homepage/btn_jual' is present

25-03-2024T20:40:58 - [MESSAGE][WARNING] - Timeout '0' is invalid. Using default page load timeout: '30'

25-03-2024T20:40:58 - [MESSAGE][PASSED] - Object 'Object Repository/Homepage/btn_profile' is present

25-03-2024T20:40:58 - [MESSAGE][WARNING] - Timeout '0' is invalid. Using default page load timeout: '30'

25-03-2024T20:40:59 - [MESSAGE][PASSED] - Object 'Object Repository/Homepage/btn_jual' is present

25-03-2024T20:40:59 - [MESSAGE][WARNING] - Timeout '0' is invalid. Using default page load timeout: '30'

25-03-2024T20:40:59 - [MESSAGE][PASSED] - Object 'Object Repository/Homepage/btn_profile' is present

25-03-2024T20:40:59 - [MESSAGE][WARNING] - Timeout '0' is invalid. Using default page load timeout: '30'

25-03-2024T20:40:59 - [MESSAGE][PASSED] - Scroll to object 'Object Repository/Homepage/card_product_10' successfully

25-03-2024T20:41:02 - [MESSAGE][PASSED] - Object: 'Object Repository/Homepage/card_product_10' is clicked on

25-03-2024T20:41:02 - [MESSAGE][WARNING] - Timeout '0' is invalid. Using default page load timeout: '30'

25-03-2024T20:41:02 - [MESSAGE][PASSED] - Object 'Object Repository/Product Details Page/img_product' is present

25-03-2024T20:41:02 - [MESSAGE][WARNING] - Timeout '0' is invalid. Using default page load timeout: '30'

25-03-2024T20:41:02 - [MESSAGE][PASSED] - Object 'Object Repository/Product Details Page/img_product' is present

25-03-2024T20:41:02 - [MESSAGE][WARNING] - Timeout '0' is invalid. Using default page load timeout: '30'

25-03-2024T20:41:03 - [MESSAGE][PASSED] - Object 'Object Repository/Preview page/btn_tertarik' is present

25-03-2024T20:41:03 - [MESSAGE][WARNING] - Timeout '0' is invalid. Using default page load timeout: '30'

25-03-2024T20:41:03 - [MESSAGE][PASSED] - Object 'Object Repository/Preview page/btn_tertarik' is present

25-03-2024T20:41:03 - [MESSAGE][WARNING] - Timeout '0' is invalid. Using default page load timeout: '30'

25-03-2024T20:41:03 - [MESSAGE][PASSED] - Web element with id: 'Object Repository/Preview page/btn_delete' located by 'By.xpath: /html[1]/body[1]/section[@class="pt-5 mt-5"]/section[@class="container my-5"]/div[@class="row"]/div[@class="col-4"]/div[@class="card p-2 rounded-4 shadow border-0"]/div[@class="card-body"]/a[@class="btn btn-lg btn-danger fs-6 rounded-4 w-100 py-3 fw-bold mt-3"]' is not present after '30' second(s)

25-03-2024T20:41:03 - [MESSAGE][WARNING] - Timeout '0' is invalid. Using default page load timeout: '30'

25-03-2024T20:41:03 - [MESSAGE][PASSED] - Web element with id: 'Object Repository/Preview page/btn_delete' located by 'By.xpath: /html[1]/body[1]/section[@class="pt-5 mt-5"]/section[@class="container my-5"]/div[@class="row"]/div[@class="col-4"]/div[@class="card p-2 rounded-4 shadow border-0"]/div[@class="card-body"]/a[@class="btn btn-lg btn-danger fs-6 rounded-4 w-100 py-3 fw-bold mt-3"]' is not present after '30' second(s)

25-03-2024T20:41:03 - [MESSAGE][PASSED] - Browser is closed

25-03-2024T20:41:04 - [MESSAGE][INFO] - Starting 'Chrome' driver

25-03-2024T20:41:04 - [MESSAGE][INFO] - Action delay is set to 0 milliseconds

25-03-2024T20:41:05 - [MESSAGE][PASSED] - Browser is opened with url: 'https://secondhand.binaracademy.org'

25-03-2024T20:41:05 - [MESSAGE][WARNING] - Timeout '0' is invalid. Using default page load timeout: '30'

25-03-2024T20:41:05 - [MESSAGE][PASSED] - Object 'Object Repository/Homepage/btn_jual' is present

25-03-2024T20:41:05 - [MESSAGE][WARNING] - Timeout '0' is invalid. Using default page load timeout: '30'

25-03-2024T20:41:05 - [MESSAGE][PASSED] - Object 'Object Repository/Homepage/btn_jual' is present

25-03-2024T20:41:05 - [MESSAGE][WARNING] - Timeout '0' is invalid. Using default page load timeout: '30'

25-03-2024T20:41:06 - [MESSAGE][PASSED] - Object 'Object Repository/Homepage/TextArea_search' is present

25-03-2024T20:41:06 - [MESSAGE][WARNING] - Timeout '0' is invalid. Using default page load timeout: '30'

25-03-2024T20:41:06 - [MESSAGE][PASSED] - Object 'Object Repository/Homepage/TextArea_search' is present

25-03-2024T20:41:06 - [MESSAGE][WARNING] - Timeout '0' is invalid. Using default page load timeout: '30'

25-03-2024T20:41:37 - [MESSAGE][INFO] - Unable to find the element located by 'By.xpath: '. Please recheck the objects properties to make sure the desired element is located. 

25-03-2024T20:41:37 - [MESSAGE][WARNING] - [SELF-HEALING] Failed to find element with id 'Object Repository/Homepage/bottom_element'. Try using Self-healing.

25-03-2024T20:41:37 - [MESSAGE][WARNING] - [SELF-HEALING] The current locator of test object 'Object Repository/Homepage/bottom_element' was broken. Propose an alternative one: '//div[@id='products']/div[11]'.

25-03-2024T20:41:37 - [MESSAGE][PASSED] - Scroll to object 'Object Repository/Homepage/bottom_element' successfully

25-03-2024T20:41:38 - [MESSAGE][PASSED] - Delayed 1 second(s)

25-03-2024T20:41:38 - [MESSAGE][PASSED] - Object: 'Object Repository/Homepage/text_nextPage' is clicked on

25-03-2024T20:41:38 - [MESSAGE][WARNING] - Timeout '0' is invalid. Using default page load timeout: '30'

25-03-2024T20:41:39 - [MESSAGE][PASSED] - Object 'Object Repository/Homepage/btn_masuk' is present

25-03-2024T20:41:39 - [MESSAGE][WARNING] - Timeout '0' is invalid. Using default page load timeout: '30'

25-03-2024T20:41:39 - [MESSAGE][PASSED] - Object 'Object Repository/Homepage/btn_masuk' is present

25-03-2024T20:41:39 - [MESSAGE][WARNING] - A browser is already opened. Closing browser and opening a new one

25-03-2024T20:41:39 - [MESSAGE][INFO] - Starting 'Chrome' driver

25-03-2024T20:41:39 - [MESSAGE][INFO] - Action delay is set to 0 milliseconds

25-03-2024T20:41:41 - [MESSAGE][PASSED] - Browser is opened with url: 'https://secondhand.binaracademy.org'

25-03-2024T20:41:41 - [MESSAGE][WARNING] - Timeout '0' is invalid. Using default page load timeout: '30'

25-03-2024T20:42:12 - [MESSAGE][INFO] - Unable to find the element located by 'By.xpath: '. Please recheck the objects properties to make sure the desired element is located. 

25-03-2024T20:42:12 - [MESSAGE][WARNING] - [SELF-HEALING] Failed to find element with id 'Object Repository/Homepage/bottom_element'. Try using Self-healing.

25-03-2024T20:42:12 - [MESSAGE][WARNING] - [SELF-HEALING] The current locator of test object 'Object Repository/Homepage/bottom_element' was broken. Propose an alternative one: '//div[@id='products']/div[11]'.

25-03-2024T20:42:12 - [MESSAGE][PASSED] - Scroll to object 'Object Repository/Homepage/bottom_element' successfully

25-03-2024T20:42:13 - [MESSAGE][PASSED] - Delayed 1 second(s)

25-03-2024T20:42:13 - [MESSAGE][PASSED] - Object: 'Object Repository/Homepage/text_nextPage' is clicked on

25-03-2024T20:42:13 - [MESSAGE][WARNING] - Timeout '0' is invalid. Using default page load timeout: '30'

25-03-2024T20:42:14 - [MESSAGE][PASSED] - Object 'Object Repository/Homepage/btn_jual' is present

25-03-2024T20:42:14 - [MESSAGE][WARNING] - Timeout '0' is invalid. Using default page load timeout: '30'

25-03-2024T20:42:14 - [MESSAGE][PASSED] - Object 'Object Repository/Homepage/btn_jual' is present

25-03-2024T20:42:14 - [MESSAGE][WARNING] - Timeout '0' is invalid. Using default page load timeout: '30'

25-03-2024T20:42:14 - [MESSAGE][PASSED] - Object 'Object Repository/Homepage/TextArea_search' is present

25-03-2024T20:42:14 - [MESSAGE][WARNING] - Timeout '0' is invalid. Using default page load timeout: '30'

25-03-2024T20:42:15 - [MESSAGE][PASSED] - Object 'Object Repository/Homepage/TextArea_search' is present

25-03-2024T20:42:15 - [MESSAGE][WARNING] - Timeout '0' is invalid. Using default page load timeout: '30'

25-03-2024T20:42:46 - [MESSAGE][INFO] - Unable to find the element located by 'By.xpath: '. Please recheck the objects properties to make sure the desired element is located. 

25-03-2024T20:42:46 - [MESSAGE][WARNING] - [SELF-HEALING] Failed to find element with id 'Object Repository/Homepage/bottom_element'. Try using Self-healing.

25-03-2024T20:42:46 - [MESSAGE][WARNING] - [SELF-HEALING] The current locator of test object 'Object Repository/Homepage/bottom_element' was broken. Propose an alternative one: '//div[@id='products']/div[11]'.

25-03-2024T20:42:46 - [MESSAGE][PASSED] - Scroll to object 'Object Repository/Homepage/bottom_element' successfully

25-03-2024T20:42:47 - [MESSAGE][PASSED] - Delayed 1 second(s)

25-03-2024T20:42:47 - [MESSAGE][PASSED] - Object: 'Object Repository/Homepage/text_previousPage' is clicked on

25-03-2024T20:42:47 - [MESSAGE][WARNING] - A browser is already opened. Closing browser and opening a new one

25-03-2024T20:42:47 - [MESSAGE][INFO] - Starting 'Chrome' driver

25-03-2024T20:42:47 - [MESSAGE][INFO] - Action delay is set to 0 milliseconds

25-03-2024T20:42:48 - [MESSAGE][PASSED] - Browser is opened with url: 'https://secondhand.binaracademy.org/users/sign_in'

25-03-2024T20:42:49 - [MESSAGE][PASSED] - Current window maximized

25-03-2024T20:42:49 - [MESSAGE][WARNING] - Timeout '0' is invalid. Using default page load timeout: '30'

25-03-2024T20:42:49 - [MESSAGE][PASSED] - Object 'Object Repository/Login Page/TextArea_email' is present

25-03-2024T20:42:49 - [MESSAGE][WARNING] - Timeout '0' is invalid. Using default page load timeout: '30'

25-03-2024T20:42:49 - [MESSAGE][PASSED] - Object 'Object Repository/Login Page/TextArea_password' is present

25-03-2024T20:42:50 - [MESSAGE][PASSED] - Text 'kiranakalyanakretya@gmail.com' is set on object 'Object Repository/Login Page/TextArea_email'

25-03-2024T20:42:50 - [MESSAGE][PASSED] - Text 'kalyanagusmana' is set on object 'Object Repository/Login Page/TextArea_password'

25-03-2024T20:42:50 - [MESSAGE][PASSED] - Object: 'Object Repository/Login Page/btn_loginCommit' is clicked on

25-03-2024T20:42:50 - [MESSAGE][WARNING] - Timeout '0' is invalid. Using default page load timeout: '30'

25-03-2024T20:42:51 - [MESSAGE][PASSED] - Object 'Object Repository/Homepage/btn_jual' is present

25-03-2024T20:42:51 - [MESSAGE][WARNING] - Timeout '0' is invalid. Using default page load timeout: '30'

25-03-2024T20:42:52 - [MESSAGE][PASSED] - Object 'Object Repository/Homepage/btn_jual' is present

25-03-2024T20:42:52 - [MESSAGE][WARNING] - Timeout '0' is invalid. Using default page load timeout: '30'

25-03-2024T20:42:52 - [MESSAGE][PASSED] - Object 'Object Repository/Notification page/btn_notification' is present

25-03-2024T20:42:52 - [MESSAGE][WARNING] - Timeout '0' is invalid. Using default page load timeout: '30'

25-03-2024T20:42:52 - [MESSAGE][PASSED] - Object 'Object Repository/Notification page/btn_notification' is present

25-03-2024T20:42:52 - [MESSAGE][PASSED] - Object: 'Object Repository/Notification page/btn_notification' is clicked on

25-03-2024T20:42:52 - [MESSAGE][PASSED] - Browser is closed

25-03-2024T20:42:52 - [MESSAGE][INFO] - Starting 'Chrome' driver

25-03-2024T20:42:52 - [MESSAGE][INFO] - Action delay is set to 0 milliseconds

25-03-2024T20:42:53 - [MESSAGE][PASSED] - Browser is opened with url: 'https://secondhand.binaracademy.org/users/sign_in'

25-03-2024T20:42:54 - [MESSAGE][PASSED] - Current window maximized

25-03-2024T20:42:54 - [MESSAGE][WARNING] - Timeout '0' is invalid. Using default page load timeout: '30'

25-03-2024T20:42:54 - [MESSAGE][PASSED] - Object 'Object Repository/Login Page/TextArea_email' is present

25-03-2024T20:42:54 - [MESSAGE][WARNING] - Timeout '0' is invalid. Using default page load timeout: '30'

25-03-2024T20:42:54 - [MESSAGE][PASSED] - Object 'Object Repository/Login Page/TextArea_password' is present

25-03-2024T20:42:55 - [MESSAGE][PASSED] - Text 'kiranakalyanakretya@gmail.com' is set on object 'Object Repository/Login Page/TextArea_email'

25-03-2024T20:42:55 - [MESSAGE][PASSED] - Text 'kalyanagusmana' is set on object 'Object Repository/Login Page/TextArea_password'

25-03-2024T20:42:55 - [MESSAGE][PASSED] - Object: 'Object Repository/Login Page/btn_loginCommit' is clicked on

25-03-2024T20:42:55 - [MESSAGE][WARNING] - Timeout '0' is invalid. Using default page load timeout: '30'

25-03-2024T20:42:56 - [MESSAGE][PASSED] - Object 'Object Repository/Homepage/btn_jual' is present

25-03-2024T20:42:56 - [MESSAGE][WARNING] - Timeout '0' is invalid. Using default page load timeout: '30'

25-03-2024T20:42:57 - [MESSAGE][PASSED] - Object 'Object Repository/Homepage/btn_jual' is present

25-03-2024T20:42:57 - [MESSAGE][WARNING] - Timeout '0' is invalid. Using default page load timeout: '30'

25-03-2024T20:42:57 - [MESSAGE][PASSED] - Object 'Object Repository/Notification page/btn_notification' is present

25-03-2024T20:42:57 - [MESSAGE][WARNING] - Timeout '0' is invalid. Using default page load timeout: '30'

25-03-2024T20:42:57 - [MESSAGE][PASSED] - Object 'Object Repository/Notification page/btn_notification' is present

25-03-2024T20:42:58 - [MESSAGE][PASSED] - Object: 'Object Repository/Notification page/btn_notification' is clicked on

25-03-2024T20:42:58 - [MESSAGE][PASSED] - Browser is closed

25-03-2024T20:42:58 - [MESSAGE][INFO] - Starting 'Chrome' driver

25-03-2024T20:42:58 - [MESSAGE][INFO] - Action delay is set to 0 milliseconds

25-03-2024T20:42:59 - [MESSAGE][PASSED] - Browser is opened with url: 'https://secondhand.binaracademy.org/'

25-03-2024T20:42:59 - [MESSAGE][PASSED] - Current window maximized

25-03-2024T20:42:59 - [MESSAGE][PASSED] - Browser is scrolled to position x = 400, y = 400

25-03-2024T20:42:59 - [MESSAGE][WARNING] - Timeout '0' is invalid. Using default page load timeout: '30'

25-03-2024T20:42:59 - [MESSAGE][PASSED] - Object 'Object Repository/Category Product Page/btn_hobby_category' is present

25-03-2024T20:43:00 - [MESSAGE][PASSED] - Object 'Object Repository/Category Product Page/btn_hobby_category' is present

25-03-2024T20:43:00 - [MESSAGE][PASSED] - Object: 'Object Repository/Category Product Page/btn_hobby_category' is clicked on

25-03-2024T20:43:00 - [MESSAGE][WARNING] - Timeout '0' is invalid. Using default page load timeout: '30'

25-03-2024T20:43:00 - [MESSAGE][PASSED] - Scroll to object 'Object Repository/Seach Product Page/div_products' successfully

25-03-2024T20:43:00 - [MESSAGE][WARNING] - Timeout '0' is invalid. Using default page load timeout: '30'

25-03-2024T20:43:01 - [MESSAGE][PASSED] - Object 'Object Repository/Seach Product Page/div_products' is present

25-03-2024T20:43:01 - [MESSAGE][WARNING] - Timeout '0' is invalid. Using default page load timeout: '30'

25-03-2024T20:43:01 - [MESSAGE][PASSED] - Object 'Object Repository/Seach Product Page/div_description_product' is present

25-03-2024T20:43:01 - [MESSAGE][WARNING] - Timeout '0' is invalid. Using default page load timeout: '30'

25-03-2024T20:43:01 - [MESSAGE][PASSED] - Object 'Object Repository/Seach Product Page/div_products' is present

25-03-2024T20:43:01 - [MESSAGE][WARNING] - Timeout '0' is invalid. Using default page load timeout: '30'

25-03-2024T20:43:01 - [MESSAGE][PASSED] - Object 'Object Repository/Seach Product Page/div_description_product' is present

25-03-2024T20:43:01 - [MESSAGE][PASSED] - Browser is closed

25-03-2024T20:43:01 - [MESSAGE][INFO] - Starting 'Chrome' driver

25-03-2024T20:43:01 - [MESSAGE][INFO] - Action delay is set to 0 milliseconds

25-03-2024T20:43:03 - [MESSAGE][PASSED] - Browser is opened with url: 'https://secondhand.binaracademy.org/'

25-03-2024T20:43:03 - [MESSAGE][PASSED] - Current window maximized

25-03-2024T20:43:03 - [MESSAGE][PASSED] - Browser is scrolled to position x = 400, y = 400

25-03-2024T20:43:03 - [MESSAGE][WARNING] - Timeout '0' is invalid. Using default page load timeout: '30'

25-03-2024T20:43:03 - [MESSAGE][PASSED] - Object 'Object Repository/Category Product Page/btn_venicle_category' is present

25-03-2024T20:43:03 - [MESSAGE][PASSED] - Object 'Object Repository/Category Product Page/btn_venicle_category' is present

25-03-2024T20:43:04 - [MESSAGE][PASSED] - Object: 'Object Repository/Category Product Page/btn_venicle_category' is clicked on

25-03-2024T20:43:04 - [MESSAGE][WARNING] - Timeout '0' is invalid. Using default page load timeout: '30'

25-03-2024T20:43:04 - [MESSAGE][PASSED] - Scroll to object 'Object Repository/Seach Product Page/div_products' successfully

25-03-2024T20:43:04 - [MESSAGE][WARNING] - Timeout '0' is invalid. Using default page load timeout: '30'

25-03-2024T20:43:04 - [MESSAGE][PASSED] - Object 'Object Repository/Seach Product Page/div_products' is present

25-03-2024T20:43:04 - [MESSAGE][WARNING] - Timeout '0' is invalid. Using default page load timeout: '30'

25-03-2024T20:43:05 - [MESSAGE][PASSED] - Object 'Object Repository/Seach Product Page/div_description_product' is present

25-03-2024T20:43:05 - [MESSAGE][WARNING] - Timeout '0' is invalid. Using default page load timeout: '30'

25-03-2024T20:43:05 - [MESSAGE][PASSED] - Object 'Object Repository/Seach Product Page/div_products' is present

25-03-2024T20:43:05 - [MESSAGE][WARNING] - Timeout '0' is invalid. Using default page load timeout: '30'

25-03-2024T20:43:05 - [MESSAGE][PASSED] - Object 'Object Repository/Seach Product Page/div_description_product' is present

25-03-2024T20:43:05 - [MESSAGE][PASSED] - Browser is closed

25-03-2024T20:43:05 - [MESSAGE][INFO] - Starting 'Chrome' driver

25-03-2024T20:43:05 - [MESSAGE][INFO] - Action delay is set to 0 milliseconds

25-03-2024T20:43:07 - [MESSAGE][PASSED] - Browser is opened with url: 'https://secondhand.binaracademy.org/'

25-03-2024T20:43:07 - [MESSAGE][PASSED] - Current window maximized

25-03-2024T20:43:07 - [MESSAGE][PASSED] - Text 'motor' is set on object 'Object Repository/Seach Product Page/input_search'

25-03-2024T20:43:08 - [MESSAGE][PASSED] - Keys 'ENTER + ' sent to object: 'Object Repository/Seach Product Page/input_search'

25-03-2024T20:43:08 - [MESSAGE][WARNING] - Timeout '0' is invalid. Using default page load timeout: '30'

25-03-2024T20:43:08 - [MESSAGE][PASSED] - Object 'Object Repository/Seach Product Page/btn_all' is present

25-03-2024T20:43:08 - [MESSAGE][WARNING] - Timeout '0' is invalid. Using default page load timeout: '30'

25-03-2024T20:43:08 - [MESSAGE][PASSED] - Object 'Object Repository/Seach Product Page/title_browse_categories' is present

[...]

25-03-2024T20:44:44 - [MESSAGE][WARNING] - Timeout '0' is invalid. Using default page load timeout: '30'

25-03-2024T20:44:44 - [MESSAGE][PASSED] - Object 'Object Repository/Homepage/btn_jual' is present

25-03-2024T20:44:44 - [MESSAGE][WARNING] - Timeout '0' is invalid. Using default page load timeout: '30'

25-03-2024T20:44:44 - [MESSAGE][PASSED] - Object 'Object Repository/Homepage/btn_jual' is present

25-03-2024T20:44:44 - [MESSAGE][PASSED] - Object: 'Object Repository/Homepage/btn_masuk' is clicked on

25-03-2024T20:44:44 - [MESSAGE][WARNING] - Timeout '0' is invalid. Using default page load timeout: '30'

25-03-2024T20:44:45 - [MESSAGE][PASSED] - Object 'Object Repository/Login Page/TextArea_email' is present

25-03-2024T20:44:45 - [MESSAGE][WARNING] - Timeout '0' is invalid. Using default page load timeout: '30'

25-03-2024T20:44:45 - [MESSAGE][PASSED] - Object 'Object Repository/Login Page/TextArea_email' is present

25-03-2024T20:44:45 - [MESSAGE][WARNING] - Timeout '0' is invalid. Using default page load timeout: '30'

25-03-2024T20:44:45 - [MESSAGE][PASSED] - Object 'Object Repository/Login Page/TextArea_password' is present

25-03-2024T20:44:45 - [MESSAGE][WARNING] - Timeout '0' is invalid. Using default page load timeout: '30'

25-03-2024T20:44:46 - [MESSAGE][PASSED] - Object 'Object Repository/Login Page/TextArea_password' is present

25-03-2024T20:44:46 - [MESSAGE][PASSED] - Text 'ArchiSeller@mail.com' is set on object 'Object Repository/Login Page/TextArea_email'

25-03-2024T20:44:47 - [MESSAGE][PASSED] - Text '123' is set on object 'Object Repository/Login Page/TextArea_password'

25-03-2024T20:44:47 - [MESSAGE][PASSED] - Object: 'Object Repository/Login Page/btn_loginCommit' is clicked on

25-03-2024T20:44:47 - [MESSAGE][WARNING] - Timeout '0' is invalid. Using default page load timeout: '30'

25-03-2024T20:44:48 - [MESSAGE][PASSED] - Object 'Object Repository/Homepage/btn_notif' is present

25-03-2024T20:44:48 - [MESSAGE][WARNING] - Timeout '0' is invalid. Using default page load timeout: '30'

25-03-2024T20:44:48 - [MESSAGE][PASSED] - Object 'Object Repository/Homepage/btn_notif' is present

25-03-2024T20:44:48 - [MESSAGE][WARNING] - Timeout '0' is invalid. Using default page load timeout: '30'

25-03-2024T20:44:48 - [MESSAGE][PASSED] - Object 'Object Repository/Homepage/btn_jual' is present

25-03-2024T20:44:48 - [MESSAGE][WARNING] - Timeout '0' is invalid. Using default page load timeout: '30'

25-03-2024T20:44:48 - [MESSAGE][PASSED] - Object 'Object Repository/Homepage/btn_jual' is present

25-03-2024T20:44:49 - [MESSAGE][PASSED] - Object: 'Object Repository/Homepage/btn_notif' is clicked on

25-03-2024T20:44:49 - [MESSAGE][PASSED] - Object: 'Object Repository/Homepage/item_productOffer' is clicked on

25-03-2024T20:44:49 - [MESSAGE][WARNING] - Timeout '0' is invalid. Using default page load timeout: '30'

25-03-2024T20:44:50 - [MESSAGE][PASSED] - Object 'Object Repository/Seller Transaction Page/label_Terima' is present

25-03-2024T20:44:50 - [MESSAGE][WARNING] - Timeout '0' is invalid. Using default page load timeout: '30'

25-03-2024T20:44:50 - [MESSAGE][PASSED] - Object 'Object Repository/Seller Transaction Page/label_Terima' is present

25-03-2024T20:44:50 - [MESSAGE][WARNING] - Timeout '0' is invalid. Using default page load timeout: '30'

25-03-2024T20:44:50 - [MESSAGE][PASSED] - Object 'Object Repository/Seller Transaction Page/label_Tolak' is present

25-03-2024T20:44:50 - [MESSAGE][WARNING] - Timeout '0' is invalid. Using default page load timeout: '30'

25-03-2024T20:44:51 - [MESSAGE][PASSED] - Object 'Object Repository/Seller Transaction Page/label_Tolak' is present

25-03-2024T20:44:51 - [MESSAGE][PASSED] - Object: 'Object Repository/Seller Transaction Page/label_Terima' is clicked on

25-03-2024T20:44:51 - [MESSAGE][PASSED] - Object: 'Object Repository/Seller Transaction Page/button_Status' is clicked on

25-03-2024T20:44:52 - [MESSAGE][PASSED] - Object: 'Object Repository/Seller Transaction Page/bullet_status_finished' is clicked on

25-03-2024T20:44:52 - [MESSAGE][PASSED] - Object: 'Object Repository/Seller Transaction Page/btn_kirim_transaksi' is clicked on

25-03-2024T20:44:52 - [MESSAGE][WARNING] - Timeout '0' is invalid. Using default page load timeout: '30'

25-03-2024T20:44:53 - [MESSAGE][PASSED] - Object 'Object Repository/Seller Transaction Page/text_accepted' is present

25-03-2024T20:44:53 - [MESSAGE][WARNING] - Timeout '0' is invalid. Using default page load timeout: '30'

25-03-2024T20:44:53 - [MESSAGE][PASSED] - Object 'Object Repository/Seller Transaction Page/text_accepted' is present

25-03-2024T20:44:53 - [MESSAGE][PASSED] - Browser is closed

25-03-2024T20:44:53 - [MESSAGE][INFO] - Starting 'Chrome' driver

25-03-2024T20:44:53 - [MESSAGE][INFO] - Action delay is set to 0 milliseconds

25-03-2024T20:44:54 - [MESSAGE][PASSED] - Browser is opened with url: 'https://secondhand.binaracademy.org/users/sign_in'

25-03-2024T20:44:54 - [MESSAGE][PASSED] - Current window maximized

25-03-2024T20:44:54 - [MESSAGE][WARNING] - Timeout '0' is invalid. Using default page load timeout: '30'

25-03-2024T20:44:54 - [MESSAGE][PASSED] - Object 'Object Repository/Login Page/TextArea_email' is present

25-03-2024T20:44:54 - [MESSAGE][WARNING] - Timeout '0' is invalid. Using default page load timeout: '30'

25-03-2024T20:44:55 - [MESSAGE][PASSED] - Object 'Object Repository/Login Page/TextArea_email' is present

25-03-2024T20:44:55 - [MESSAGE][WARNING] - Timeout '0' is invalid. Using default page load timeout: '30'

25-03-2024T20:44:55 - [MESSAGE][PASSED] - Object 'Object Repository/Login Page/TextArea_password' is present

25-03-2024T20:44:55 - [MESSAGE][WARNING] - Timeout '0' is invalid. Using default page load timeout: '30'

25-03-2024T20:44:55 - [MESSAGE][PASSED] - Object 'Object Repository/Login Page/TextArea_password' is present

25-03-2024T20:44:56 - [MESSAGE][PASSED] - Text 'ArchiSeller@mail.com' is set on object 'Object Repository/Login Page/TextArea_email'

25-03-2024T20:44:56 - [MESSAGE][PASSED] - Text '123' is set on object 'Object Repository/Login Page/TextArea_password'

25-03-2024T20:44:57 - [MESSAGE][PASSED] - Object: 'Object Repository/Login Page/btn_loginCommit' is clicked on

25-03-2024T20:44:57 - [MESSAGE][WARNING] - Timeout '0' is invalid. Using default page load timeout: '30'

25-03-2024T20:44:58 - [MESSAGE][PASSED] - Object 'Object Repository/Homepage/btn_jual' is present

25-03-2024T20:44:58 - [MESSAGE][WARNING] - Timeout '0' is invalid. Using default page load timeout: '30'

25-03-2024T20:44:58 - [MESSAGE][PASSED] - Object 'Object Repository/Homepage/btn_jual' is present

25-03-2024T20:44:58 - [MESSAGE][WARNING] - Timeout '0' is invalid. Using default page load timeout: '30'

25-03-2024T20:44:58 - [MESSAGE][PASSED] - Object 'Object Repository/Homepage/btn_profile' is present

25-03-2024T20:44:58 - [MESSAGE][WARNING] - Timeout '0' is invalid. Using default page load timeout: '30'

25-03-2024T20:44:58 - [MESSAGE][PASSED] - Object 'Object Repository/Homepage/btn_profile' is present

25-03-2024T20:44:59 - [MESSAGE][PASSED] - Object: 'Object Repository/Homepage/btn_jual' is clicked on

25-03-2024T20:44:59 - [MESSAGE][WARNING] - Timeout '0' is invalid. Using default page load timeout: '30'

25-03-2024T20:44:59 - [MESSAGE][PASSED] - Object 'Object Repository/Post Product Page/btn_terbitkan' is present

25-03-2024T20:44:59 - [MESSAGE][WARNING] - Timeout '0' is invalid. Using default page load timeout: '30'

25-03-2024T20:44:59 - [MESSAGE][PASSED] - Object 'Object Repository/Post Product Page/btn_terbitkan' is present

25-03-2024T20:44:59 - [MESSAGE][WARNING] - Timeout '0' is invalid. Using default page load timeout: '30'

25-03-2024T20:45:00 - [MESSAGE][PASSED] - Object 'Object Repository/Post Product Page/btn_preview' is present

25-03-2024T20:45:00 - [MESSAGE][WARNING] - Timeout '0' is invalid. Using default page load timeout: '30'

25-03-2024T20:45:00 - [MESSAGE][PASSED] - Object 'Object Repository/Post Product Page/btn_preview' is present

25-03-2024T20:45:00 - [MESSAGE][PASSED] - Text 'beat' is set on object 'Object Repository/Post Product Page/TextBox_namaProduk'

25-03-2024T20:45:01 - [MESSAGE][PASSED] - Text '1000' is set on object 'Object Repository/Post Product Page/TextBox_hargaProduk'

25-03-2024T20:45:01 - [MESSAGE][PASSED] - All options with value '2' are selected in object 'Object Repository/Post Product Page/select_pilihKategori' 

25-03-2024T20:45:02 - [MESSAGE][PASSED] - Text 'barang bekas' is set on object 'Object Repository/Post Product Page/TextBox_deskripsiProduk'

25-03-2024T20:45:02 - [MESSAGE][PASSED] - File 'C:/Users/archi_000/Katalon Studio/Challenge_Kelompok_1_Web_Platinum/Asset/milkcat.PNG' sent to object: 'Object Repository/Post Product Page/img_formImage'

25-03-2024T20:45:03 - [MESSAGE][PASSED] - Delayed 1 second(s)

25-03-2024T20:45:05 - [MESSAGE][PASSED] - Object: 'Object Repository/Post Product Page/btn_terbitkan' is clicked on

25-03-2024T20:45:05 - [MESSAGE][PASSED] - Object: 'Object Repository/Homepage/btn_profile' is clicked on

25-03-2024T20:45:06 - [MESSAGE][PASSED] - Object: 'Object Repository/Homepage/btn_keluar' is clicked on

25-03-2024T20:45:06 - [MESSAGE][WARNING] - Timeout '0' is invalid. Using default page load timeout: '30'

25-03-2024T20:45:06 - [MESSAGE][PASSED] - Object 'Object Repository/Homepage/btn_masuk' is present

25-03-2024T20:45:06 - [MESSAGE][WARNING] - Timeout '0' is invalid. Using default page load timeout: '30'

25-03-2024T20:45:07 - [MESSAGE][PASSED] - Object 'Object Repository/Homepage/btn_masuk' is present

25-03-2024T20:45:07 - [MESSAGE][WARNING] - Timeout '0' is invalid. Using default page load timeout: '30'

25-03-2024T20:45:07 - [MESSAGE][PASSED] - Object 'Object Repository/Homepage/btn_jual' is present

25-03-2024T20:45:07 - [MESSAGE][WARNING] - Timeout '0' is invalid. Using default page load timeout: '30'

25-03-2024T20:45:07 - [MESSAGE][PASSED] - Object 'Object Repository/Homepage/btn_jual' is present

25-03-2024T20:45:07 - [MESSAGE][PASSED] - Object: 'Object Repository/Homepage/btn_masuk' is clicked on

25-03-2024T20:45:07 - [MESSAGE][WARNING] - Timeout '0' is invalid. Using default page load timeout: '30'

25-03-2024T20:45:08 - [MESSAGE][PASSED] - Object 'Object Repository/Login Page/TextArea_email' is present

25-03-2024T20:45:08 - [MESSAGE][WARNING] - Timeout '0' is invalid. Using default page load timeout: '30'

25-03-2024T20:45:08 - [MESSAGE][PASSED] - Object 'Object Repository/Login Page/TextArea_email' is present

25-03-2024T20:45:08 - [MESSAGE][WARNING] - Timeout '0' is invalid. Using default page load timeout: '30'

25-03-2024T20:45:08 - [MESSAGE][PASSED] - Object 'Object Repository/Login Page/TextArea_password' is present

25-03-2024T20:45:08 - [MESSAGE][WARNING] - Timeout '0' is invalid. Using default page load timeout: '30'

25-03-2024T20:45:09 - [MESSAGE][PASSED] - Object 'Object Repository/Login Page/TextArea_password' is present

25-03-2024T20:45:09 - [MESSAGE][PASSED] - Text 'ArchiBuyer@mail.com' is set on object 'Object Repository/Login Page/TextArea_email'

25-03-2024T20:45:10 - [MESSAGE][PASSED] - Text '123' is set on object 'Object Repository/Login Page/TextArea_password'

25-03-2024T20:45:10 - [MESSAGE][PASSED] - Object: 'Object Repository/Login Page/btn_loginCommit' is clicked on

25-03-2024T20:45:10 - [MESSAGE][WARNING] - Timeout '0' is invalid. Using default page load timeout: '30'

25-03-2024T20:45:11 - [MESSAGE][PASSED] - Object 'Object Repository/Homepage/card_product' is present

25-03-2024T20:45:11 - [MESSAGE][WARNING] - Timeout '0' is invalid. Using default page load timeout: '30'

25-03-2024T20:45:11 - [MESSAGE][PASSED] - Object 'Object Repository/Homepage/card_product' is present

25-03-2024T20:45:11 - [MESSAGE][WARNING] - Timeout '0' is invalid. Using default page load timeout: '30'

25-03-2024T20:45:11 - [MESSAGE][PASSED] - Object 'Object Repository/Homepage/btn_profile' is present

25-03-2024T20:45:11 - [MESSAGE][WARNING] - Timeout '0' is invalid. Using default page load timeout: '30'

25-03-2024T20:45:12 - [MESSAGE][PASSED] - Object 'Object Repository/Homepage/btn_profile' is present

25-03-2024T20:45:12 - [MESSAGE][WARNING] - Timeout '0' is invalid. Using default page load timeout: '30'

25-03-2024T20:45:12 - [MESSAGE][PASSED] - Scroll to object 'Object Repository/Homepage/card_product' successfully

25-03-2024T20:45:12 - [MESSAGE][PASSED] - Object: 'Object Repository/Homepage/card_product' is clicked on

25-03-2024T20:45:12 - [MESSAGE][WARNING] - Timeout '0' is invalid. Using default page load timeout: '30'

25-03-2024T20:45:13 - [MESSAGE][PASSED] - Object 'Object Repository/Buyer Transaction Page/text_sellerInfo' is present

25-03-2024T20:45:13 - [MESSAGE][WARNING] - Timeout '0' is invalid. Using default page load timeout: '30'

25-03-2024T20:45:13 - [MESSAGE][PASSED] - Object 'Object Repository/Buyer Transaction Page/text_sellerInfo' is present

25-03-2024T20:45:13 - [MESSAGE][WARNING] - Timeout '0' is invalid. Using default page load timeout: '30'

25-03-2024T20:45:13 - [MESSAGE][PASSED] - Object 'Object Repository/Buyer Transaction Page/btn_tertarik_nego' is present

25-03-2024T20:45:13 - [MESSAGE][WARNING] - Timeout '0' is invalid. Using default page load timeout: '30'

25-03-2024T20:45:14 - [MESSAGE][PASSED] - Object 'Object Repository/Buyer Transaction Page/btn_tertarik_nego' is present

25-03-2024T20:45:14 - [MESSAGE][PASSED] - Object: 'Object Repository/Buyer Transaction Page/btn_tertarik_nego' is clicked on

25-03-2024T20:45:14 - [MESSAGE][WARNING] - Timeout '0' is invalid. Using default page load timeout: '30'

25-03-2024T20:45:14 - [MESSAGE][PASSED] - Object 'Object Repository/Buyer Transaction Page/TextBox_offer' is present

25-03-2024T20:45:14 - [MESSAGE][WARNING] - Timeout '0' is invalid. Using default page load timeout: '30'

25-03-2024T20:45:14 - [MESSAGE][PASSED] - Object 'Object Repository/Buyer Transaction Page/TextBox_offer' is present

25-03-2024T20:45:15 - [MESSAGE][WARNING] - Timeout '0' is invalid. Using default page load timeout: '30'

25-03-2024T20:45:15 - [MESSAGE][PASSED] - Object 'Object Repository/Buyer Transaction Page/btn_kirim' is present

25-03-2024T20:45:15 - [MESSAGE][WARNING] - Timeout '0' is invalid. Using default page load timeout: '30'

25-03-2024T20:45:15 - [MESSAGE][PASSED] - Object 'Object Repository/Buyer Transaction Page/btn_kirim' is present

25-03-2024T20:45:16 - [MESSAGE][PASSED] - Text '1200' is set on object 'Object Repository/Buyer Transaction Page/TextBox_offer'

25-03-2024T20:45:16 - [MESSAGE][PASSED] - Object: 'Object Repository/Buyer Transaction Page/btn_kirim' is clicked on

25-03-2024T20:45:16 - [MESSAGE][PASSED] - Object: 'Object Repository/Homepage/btn_profile' is clicked on

25-03-2024T20:45:17 - [MESSAGE][PASSED] - Object: 'Object Repository/Homepage/btn_keluar' is clicked on

25-03-2024T20:45:17 - [MESSAGE][WARNING] - Timeout '0' is invalid. Using default page load timeout: '30'

25-03-2024T20:45:17 - [MESSAGE][PASSED] - Object 'Object Repository/Homepage/btn_masuk' is present

25-03-2024T20:45:17 - [MESSAGE][WARNING] - Timeout '0' is invalid. Using default page load timeout: '30'

25-03-2024T20:45:18 - [MESSAGE][PASSED] - Object 'Object Repository/Homepage/btn_masuk' is present

25-03-2024T20:45:18 - [MESSAGE][WARNING] - Timeout '0' is invalid. Using default page load timeout: '30'

25-03-2024T20:45:18 - [MESSAGE][PASSED] - Object 'Object Repository/Homepage/btn_jual' is present

25-03-2024T20:45:18 - [MESSAGE][WARNING] - Timeout '0' is invalid. Using default page load timeout: '30'

25-03-2024T20:45:18 - [MESSAGE][PASSED] - Object 'Object Repository/Homepage/btn_jual' is present

25-03-2024T20:45:18 - [MESSAGE][PASSED] - Object: 'Object Repository/Homepage/btn_masuk' is clicked on

25-03-2024T20:45:18 - [MESSAGE][WARNING] - Timeout '0' is invalid. Using default page load timeout: '30'

25-03-2024T20:45:19 - [MESSAGE][PASSED] - Object 'Object Repository/Login Page/TextArea_email' is present

25-03-2024T20:45:19 - [MESSAGE][WARNING] - Timeout '0' is invalid. Using default page load timeout: '30'

25-03-2024T20:45:19 - [MESSAGE][PASSED] - Object 'Object Repository/Login Page/TextArea_email' is present

25-03-2024T20:45:19 - [MESSAGE][WARNING] - Timeout '0' is invalid. Using default page load timeout: '30'

25-03-2024T20:45:19 - [MESSAGE][PASSED] - Object 'Object Repository/Login Page/TextArea_password' is present

25-03-2024T20:45:19 - [MESSAGE][WARNING] - Timeout '0' is invalid. Using default page load timeout: '30'

25-03-2024T20:45:20 - [MESSAGE][PASSED] - Object 'Object Repository/Login Page/TextArea_password' is present

25-03-2024T20:45:20 - [MESSAGE][PASSED] - Text 'ArchiSeller@mail.com' is set on object 'Object Repository/Login Page/TextArea_email'

25-03-2024T20:45:21 - [MESSAGE][PASSED] - Text '123' is set on object 'Object Repository/Login Page/TextArea_password'

25-03-2024T20:45:21 - [MESSAGE][PASSED] - Object: 'Object Repository/Login Page/btn_loginCommit' is clicked on

25-03-2024T20:45:21 - [MESSAGE][WARNING] - Timeout '0' is invalid. Using default page load timeout: '30'

25-03-2024T20:45:22 - [MESSAGE][PASSED] - Object 'Object Repository/Homepage/btn_notif' is present

25-03-2024T20:45:22 - [MESSAGE][WARNING] - Timeout '0' is invalid. Using default page load timeout: '30'

25-03-2024T20:45:23 - [MESSAGE][PASSED] - Object 'Object Repository/Homepage/btn_notif' is present

25-03-2024T20:45:23 - [MESSAGE][WARNING] - Timeout '0' is invalid. Using default page load timeout: '30'

25-03-2024T20:45:23 - [MESSAGE][PASSED] - Object 'Object Repository/Homepage/btn_jual' is present

25-03-2024T20:45:23 - [MESSAGE][WARNING] - Timeout '0' is invalid. Using default page load timeout: '30'

25-03-2024T20:45:23 - [MESSAGE][PASSED] - Object 'Object Repository/Homepage/btn_jual' is present

25-03-2024T20:45:23 - [MESSAGE][PASSED] - Object: 'Object Repository/Homepage/btn_notif' is clicked on

25-03-2024T20:45:24 - [MESSAGE][PASSED] - Object: 'Object Repository/Homepage/item_productOffer' is clicked on

25-03-2024T20:45:24 - [MESSAGE][WARNING] - Timeout '0' is invalid. Using default page load timeout: '30'

25-03-2024T20:45:25 - [MESSAGE][PASSED] - Object 'Object Repository/Seller Transaction Page/label_Terima' is present

25-03-2024T20:45:25 - [MESSAGE][WARNING] - Timeout '0' is invalid. Using default page load timeout: '30'

25-03-2024T20:45:25 - [MESSAGE][PASSED] - Object 'Object Repository/Seller Transaction Page/label_Terima' is present

25-03-2024T20:45:25 - [MESSAGE][WARNING] - Timeout '0' is invalid. Using default page load timeout: '30'

25-03-2024T20:45:25 - [MESSAGE][PASSED] - Object 'Object Repository/Seller Transaction Page/label_Tolak' is present

25-03-2024T20:45:25 - [MESSAGE][WARNING] - Timeout '0' is invalid. Using default page load timeout: '30'

25-03-2024T20:45:25 - [MESSAGE][PASSED] - Object 'Object Repository/Seller Transaction Page/label_Tolak' is present

25-03-2024T20:45:26 - [MESSAGE][PASSED] - Object: 'Object Repository/Seller Transaction Page/label_Tolak' is clicked on

25-03-2024T20:45:26 - [MESSAGE][WARNING] - Timeout '0' is invalid. Using default page load timeout: '30'

25-03-2024T20:45:26 - [MESSAGE][PASSED] - Object 'Object Repository/Seller Transaction Page/text_rejected' is present

25-03-2024T20:45:26 - [MESSAGE][WARNING] - Timeout '0' is invalid. Using default page load timeout: '30'

25-03-2024T20:45:26 - [MESSAGE][PASSED] - Object 'Object Repository/Seller Transaction Page/text_rejected' is present

25-03-2024T20:45:26 - [MESSAGE][PASSED] - Browser is closed

25-03-2024T20:45:26 - [MESSAGE][PASSED] - Run with 'Runner' was passed]]></system-out>
         <system-err><![CDATA[]]></system-err>
      </testcase>
      <system-out><![CDATA[25-03-2024T20:38:29 - [TEST_SUITE][PASSED] - Cucumber Test Suite: Test Cases/Cucumber]]></system-out>
      <system-err><![CDATA[]]></system-err>
   </testsuite>
</testsuites>
